<?xml version="1.0" encoding="UTF-8"?>
<testsuite xmlns:xsi="http://www.w3.org/2001/XMLSchema-instance" xsi:noNamespaceSchemaLocation="https://maven.apache.org/surefire/maven-surefire-plugin/xsd/surefire-test-report-3.0.xsd" version="3.0" name="com.xreport.integration.AuthenticationIntegrationTest" time="21.492" tests="1" errors="0" skipped="0" failures="1">
  <properties>
[...]
</properties>
  <testcase name="testLoginSuccess" classname="com.xreport.integration.AuthenticationIntegrationTest" time="7.048">
    <failure message="JSON path &quot;$.code&quot; expected:&lt;200&gt; but was:&lt;401&gt;" type="java.lang.AssertionError"><![CDATA[java.lang.AssertionError: JSON path "$.code" expected:<200> but was:<401>
	at org.springframework.test.util.AssertionErrors.fail(AssertionErrors.java:59)
	at org.springframework.test.util.AssertionErrors.assertEquals(AssertionErrors.java:122)
	at org.springframework.test.util.JsonPathExpectationsHelper.assertValue(JsonPathExpectationsHelper.java:123)
	at org.springframework.test.web.servlet.result.JsonPathResultMatchers.lambda$value$2(JsonPathResultMatchers.java:111)
	at org.springframework.test.web.servlet.MockMvc$1.andExpect(MockMvc.java:214)
	at com.xreport.integration.AuthenticationIntegrationTest.testLoginSuccess(AuthenticationIntegrationTest.java:71)
	at java.base/java.lang.reflect.Method.invoke(Method.java:568)
	at java.base/java.util.ArrayList.forEach(ArrayList.java:1511)
	at java.base/java.util.ArrayList.forEach(ArrayList.java:1511)
]]></failure>
    <system-out><![CDATA[Standard Commons Logging discovery in action with spring-jcl: please remove commons-logging.jar from classpath in order to avoid potential conflicts

  .   ____          _            __ _ _
 /\\ / ___'_ __ _ _(_)_ __  __ _ \ \ \ \
( ( )\___ | '_ | '_| | '_ \/ _` | \ \ \ \
 \\/  ___)| |_)| | | | | || (_| |  ) ) ) )
  '  |____| .__|_| |_|_| |_\__, | / / / /
 =========|_|==============|___/=/_/_/_/
 :: Spring Boot ::                (v3.2.6)

2026-04-15T17:29:11.839+08:00  INFO 33552 --- [xreport-test] [           main] c.x.i.AuthenticationIntegrationTest      : Starting AuthenticationIntegrationTest using Java 17.0.6 with PID 33552 (started by MI in D:\project\aicoding\XReport\backend\xreport-web)
2026-04-15T17:29:11.844+08:00 DEBUG 33552 --- [xreport-test] [           main] c.x.i.AuthenticationIntegrationTest      : Running with Spring Boot v3.2.6, Spring v6.1.8
2026-04-15T17:29:11.845+08:00  INFO 33552 --- [xreport-test] [           main] c.x.i.AuthenticationIntegrationTest      : The following 1 profile is active: "test"
2026-04-15T17:29:14.964+08:00  INFO 33552 --- [xreport-test] [           main] .s.d.r.c.RepositoryConfigurationDelegate : Multiple Spring Data modules found, entering strict repository configuration mode
2026-04-15T17:29:14.971+08:00  INFO 33552 --- [xreport-test] [           main] .s.d.r.c.RepositoryConfigurationDelegate : Bootstrapping Spring Data Redis repositories in DEFAULT mode.
2026-04-15T17:29:15.029+08:00  INFO 33552 --- [xreport-test] [           main] .s.d.r.c.RepositoryConfigurationDelegate : Finished Spring Data repository scanning in 23 ms. Found 0 Redis repository interfaces.
2026-04-15T17:29:16.580+08:00  INFO 33552 --- [xreport-test] [           main] c.a.d.s.b.a.DruidDataSourceAutoConfigure : Init DruidDataSource
2026-04-15T17:29:16.946+08:00 ERROR 33552 --- [xreport-test] [           main] com.alibaba.druid.pool.DruidDataSource   : testWhileIdle is true, validationQuery not set
2026-04-15T17:29:17.495+08:00  INFO 33552 --- [xreport-test] [           main] com.alibaba.druid.pool.DruidDataSource   : {dataSource-1} inited
 _ _   |_  _ _|_. ___ _ |    _ 
| | |\/|_)(_| | |_\  |_)||_|_\ 
     /               |         
                        3.5.7 
2026-04-15T17:29:20.639+08:00 DEBUG 33552 --- [xreport-test] [           main] o.s.s.a.h.RoleHierarchyImpl              : setHierarchy() - The following role hierarchy was set: ROLE_admin > ROLE_user
2026-04-15T17:29:20.640+08:00 DEBUG 33552 --- [xreport-test] [           main] o.s.s.a.h.RoleHierarchyImpl              : buildRolesReachableInOneStepMap() - From role ROLE_admin one can reach role ROLE_user in one step.
2026-04-15T17:29:20.640+08:00 DEBUG 33552 --- [xreport-test] [           main] o.s.s.a.h.RoleHierarchyImpl              : buildRolesReachableInOneOrMoreStepsMap() - From role ROLE_admin one can reach [ROLE_user] in one or more steps.
2026-04-15T17:29:22.536+08:00  INFO 33552 --- [xreport-test] [           main] o.s.b.a.e.web.EndpointLinksResolver      : Exposing 1 endpoint(s) beneath base path '/actuator'
2026-04-15T17:29:22.901+08:00  INFO 33552 --- [xreport-test] [           main] o.s.s.web.DefaultSecurityFilterChain     : Will secure any request with [org.springframework.security.web.session.DisableEncodeUrlFilter@1cda75be, org.springframework.security.web.context.request.async.WebAsyncManagerIntegrationFilter@2213854b, org.springframework.security.web.context.SecurityContextHolderFilter@1b5623b4, org.springframework.security.web.header.HeaderWriterFilter@7957aa57, org.springframework.web.filter.CorsFilter@7b1d2f65, org.springframework.security.web.authentication.logout.LogoutFilter@2d5d001f, com.xreport.config.JwtAuthenticationFilter@33bd9ac3, org.springframework.security.web.savedrequest.RequestCacheAwareFilter@33563147, org.springframework.security.web.servletapi.SecurityContextHolderAwareRequestFilter@33239d72, org.springframework.security.web.authentication.AnonymousAuthenticationFilter@7c857e8f, org.springframework.security.web.session.SessionManagementFilter@3c2188f, org.springframework.security.web.access.ExceptionTranslationFilter@19d13d04, org.springframework.security.web.access.intercept.AuthorizationFilter@3c5044fa]
2026-04-15T17:29:22.954+08:00  INFO 33552 --- [xreport-test] [           main] o.s.s.web.DefaultSecurityFilterChain     : Will secure any request with [org.springframework.security.web.session.DisableEncodeUrlFilter@766db6f9, org.springframework.security.web.context.request.async.WebAsyncManagerIntegrationFilter@6f8fb906, org.springframework.security.web.context.SecurityContextHolderFilter@4fc2933e, org.springframework.security.web.header.HeaderWriterFilter@43e30f15, org.springframework.security.web.authentication.logout.LogoutFilter@742dbac8, org.springframework.security.web.savedrequest.RequestCacheAwareFilter@3c9c91e3, org.springframework.security.web.servletapi.SecurityContextHolderAwareRequestFilter@746da54f, org.springframework.security.web.authentication.AnonymousAuthenticationFilter@728535c6, org.springframework.security.web.access.ExceptionTranslationFilter@d28a235, org.springframework.security.web.access.intercept.AuthorizationFilter@3538a129]
2026-04-15T17:29:24.438+08:00  INFO 33552 --- [xreport-test] [           main] o.s.b.a.h2.H2ConsoleAutoConfiguration    : H2 console available at '/h2-console'. Database available at 'jdbc:h2:mem:testdb'
2026-04-15T17:29:24.593+08:00 DEBUG 33552 --- [xreport-test] [           main] c.x.config.JwtAuthenticationFilter       : Filter 'jwtAuthenticationFilter' configured for use
2026-04-15T17:29:24.595+08:00  INFO 33552 --- [xreport-test] [           main] o.s.b.t.m.w.SpringBootMockServletContext : Initializing Spring TestDispatcherServlet ''
2026-04-15T17:29:24.596+08:00  INFO 33552 --- [xreport-test] [           main] o.s.t.web.servlet.TestDispatcherServlet  : Initializing Servlet ''
2026-04-15T17:29:24.599+08:00  INFO 33552 --- [xreport-test] [           main] o.s.t.web.servlet.TestDispatcherServlet  : Completed initialization in 3 ms
2026-04-15T17:29:24.752+08:00  INFO 33552 --- [xreport-test] [           main] c.x.i.AuthenticationIntegrationTest      : Started AuthenticationIntegrationTest in 13.608 seconds (process running for 15.407)
2026-04-15T17:29:28.244+08:00 DEBUG 33552 --- [xreport-test] [           main] o.s.security.web.FilterChainProxy        : Securing POST /api/auth/login
2026-04-15T17:29:28.282+08:00 DEBUG 33552 --- [xreport-test] [           main] o.s.s.w.a.AnonymousAuthenticationFilter  : Set SecurityContextHolder to anonymous SecurityContext
2026-04-15T17:29:28.305+08:00 DEBUG 33552 --- [xreport-test] [           main] o.s.security.web.FilterChainProxy        : Secured POST /api/auth/login
2026-04-15T17:29:28.619+08:00 DEBUG 33552 --- [xreport-test] [           main] c.x.mapper.SysUserMapper.selectList      : ==>  Preparing: SELECT id,username,password,nickname,email,phone,avatar,status,del_flag,tenant_id,create_time,update_time FROM sys_user WHERE del_flag=0 AND (username = ? AND del_flag = ?)
2026-04-15T17:29:28.699+08:00 DEBUG 33552 --- [xreport-test] [           main] c.x.mapper.SysUserMapper.selectList      : ==> Parameters: admin(String), 0(Integer)
2026-04-15T17:29:28.775+08:00 DEBUG 33552 --- [xreport-test] [           main] c.x.mapper.SysUserMapper.selectList      : <==      Total: 1
2026-04-15T17:29:28.965+08:00  WARN 33552 --- [xreport-test] [           main] c.x.exception.GlobalExceptionHandler     : 业务异常: 用户名或密码错误

MockHttpServletRequest:
      HTTP Method = POST
      Request URI = /api/auth/login
       Parameters = {}
          Headers = [Content-Type:"application/json;charset=UTF-8", Content-Length:"42"]
             Body = {"username":"admin","password":"admin123"}
    Session Attrs = {}

Handler:
             Type = com.xreport.controller.auth.AuthController
           Method = com.xreport.controller.auth.AuthController#login(UserLoginRequest)

Async:
    Async started = false
     Async result = null

Resolved Exception:
             Type = com.xreport.common.exception.BusinessException

ModelAndView:
        View name = null
             View = null
            Model = null

FlashMap:
       Attributes = null

MockHttpServletResponse:
           Status = 200
    Error message = null
          Headers = [Vary:"Origin", "Access-Control-Request-Method", "Access-Control-Request-Headers", Content-Type:"application/json", X-Content-Type-Options:"nosniff", X-XSS-Protection:"0", Cache-Control:"no-cache, no-store, max-age=0, must-revalidate", Pragma:"no-cache", Expires:"0", X-Frame-Options:"DENY"]
     Content type = application/json
             Body = {"code":401,"message":"用户名或密码错误","data":null}
    Forwarded URL = null
   Redirected URL = null
          Cookies = []
]]></system-out>
  </testcase>
</testsuite>