{"D:\\project\\aicoding\\XReport\\src\\components\\designer\\ReportDesigner.tsx": {"path":"D:\\project\\aicoding\\XReport\\src\\components\\designer\\ReportDesigner.tsx","all":false,"statementMap":{"0":{"start":{"line":1,"column":0},"end":{"line":1,"column":64}},"1":{"start":{"line":2,"column":0},"end":{"line":2,"column":145}},"2":{"start":{"line":3,"column":0},"end":{"line":3,"column":51}},"3":{"start":{"line":4,"column":0},"end":{"line":4,"column":0}},"4":{"start":{"line":5,"column":0},"end":{"line":5,"column":17}},"5":{"start":{"line":6,"column":0},"end":{"line":6,"column":29}},"6":{"start":{"line":7,"column":0},"end":{"line":7,"column":42}},"7":{"start":{"line":8,"column":0},"end":{"line":8,"column":1}},"8":{"start":{"line":9,"column":0},"end":{"line":9,"column":0}},"9":{"start":{"line":10,"column":0},"end":{"line":10,"column":69}},"10":{"start":{"line":11,"column":0},"end":{"line":11,"column":75}},"11":{"start":{"line":12,"column":0},"end":{"line":12,"column":70}},"12":{"start":{"line":13,"column":0},"end":{"line":13,"column":69}},"13":{"start":{"line":14,"column":0},"end":{"line":14,"column":77}},"14":{"start":{"line":15,"column":0},"end":{"line":15,"column":67}},"15":{"start":{"line":16,"column":0},"end":{"line":16,"column":62}},"16":{"start":{"line":17,"column":0},"end":{"line":17,"column":67}},"17":{"start":{"line":18,"column":0},"end":{"line":18,"column":76}},"18":{"start":{"line":19,"column":0},"end":{"line":19,"column":39}},"19":{"start":{"line":20,"column":0},"end":{"line":20,"column":54}},"20":{"start":{"line":21,"column":0},"end":{"line":21,"column":48}},"21":{"start":{"line":22,"column":0},"end":{"line":22,"column":0}},"22":{"start":{"line":23,"column":0},"end":{"line":23,"column":22}},"23":{"start":{"line":24,"column":0},"end":{"line":24,"column":0}},"24":{"start":{"line":25,"column":0},"end":{"line":25,"column":91}},"25":{"start":{"line":26,"column":0},"end":{"line":26,"column":0}},"26":{"start":{"line":27,"column":0},"end":{"line":27,"column":26}},"27":{"start":{"line":28,"column":0},"end":{"line":28,"column":111}},"28":{"start":{"line":29,"column":0},"end":{"line":29,"column":0}},"29":{"start":{"line":30,"column":0},"end":{"line":30,"column":35}},"30":{"start":{"line":31,"column":0},"end":{"line":31,"column":19}},"31":{"start":{"line":32,"column":0},"end":{"line":32,"column":23}},"32":{"start":{"line":33,"column":0},"end":{"line":33,"column":69}},"33":{"start":{"line":34,"column":0},"end":{"line":34,"column":38}},"34":{"start":{"line":35,"column":0},"end":{"line":35,"column":5}},"35":{"start":{"line":36,"column":0},"end":{"line":36,"column":15}},"36":{"start":{"line":37,"column":0},"end":{"line":37,"column":0}},"37":{"start":{"line":38,"column":0},"end":{"line":38,"column":23}},"38":{"start":{"line":39,"column":0},"end":{"line":39,"column":19}},"39":{"start":{"line":40,"column":0},"end":{"line":40,"column":49}},"40":{"start":{"line":41,"column":0},"end":{"line":41,"column":52}},"41":{"start":{"line":42,"column":0},"end":{"line":42,"column":75}},"42":{"start":{"line":43,"column":0},"end":{"line":43,"column":0}},"43":{"start":{"line":44,"column":0},"end":{"line":44,"column":76}},"44":{"start":{"line":45,"column":0},"end":{"line":45,"column":26}},"45":{"start":{"line":46,"column":0},"end":{"line":46,"column":42}},"46":{"start":{"line":47,"column":0},"end":{"line":47,"column":7}},"47":{"start":{"line":48,"column":0},"end":{"line":48,"column":0}},"48":{"start":{"line":49,"column":0},"end":{"line":49,"column":69}},"49":{"start":{"line":50,"column":0},"end":{"line":50,"column":26}},"50":{"start":{"line":51,"column":0},"end":{"line":51,"column":14}},"51":{"start":{"line":52,"column":0},"end":{"line":52,"column":31}},"52":{"start":{"line":53,"column":0},"end":{"line":53,"column":7}},"53":{"start":{"line":54,"column":0},"end":{"line":54,"column":0}},"54":{"start":{"line":55,"column":0},"end":{"line":55,"column":89}},"55":{"start":{"line":56,"column":0},"end":{"line":56,"column":26}},"56":{"start":{"line":57,"column":0},"end":{"line":57,"column":14}},"57":{"start":{"line":58,"column":0},"end":{"line":58,"column":31}},"58":{"start":{"line":59,"column":0},"end":{"line":59,"column":7}},"59":{"start":{"line":60,"column":0},"end":{"line":60,"column":0}},"60":{"start":{"line":61,"column":0},"end":{"line":61,"column":72}},"61":{"start":{"line":62,"column":0},"end":{"line":62,"column":26}},"62":{"start":{"line":63,"column":0},"end":{"line":63,"column":60}},"63":{"start":{"line":64,"column":0},"end":{"line":64,"column":40}},"64":{"start":{"line":65,"column":0},"end":{"line":65,"column":7}},"65":{"start":{"line":66,"column":0},"end":{"line":66,"column":0}},"66":{"start":{"line":67,"column":0},"end":{"line":67,"column":70}},"67":{"start":{"line":68,"column":0},"end":{"line":68,"column":26}},"68":{"start":{"line":69,"column":0},"end":{"line":69,"column":37}},"69":{"start":{"line":70,"column":0},"end":{"line":70,"column":7}},"70":{"start":{"line":71,"column":0},"end":{"line":71,"column":0}},"71":{"start":{"line":72,"column":0},"end":{"line":72,"column":54}},"72":{"start":{"line":73,"column":0},"end":{"line":73,"column":26}},"73":{"start":{"line":74,"column":0},"end":{"line":74,"column":50}},"74":{"start":{"line":75,"column":0},"end":{"line":75,"column":31}},"75":{"start":{"line":76,"column":0},"end":{"line":76,"column":7}},"76":{"start":{"line":77,"column":0},"end":{"line":77,"column":0}},"77":{"start":{"line":78,"column":0},"end":{"line":78,"column":24}},"78":{"start":{"line":79,"column":0},"end":{"line":79,"column":98}},"79":{"start":{"line":80,"column":0},"end":{"line":80,"column":26}},"80":{"start":{"line":81,"column":0},"end":{"line":81,"column":40}},"81":{"start":{"line":82,"column":0},"end":{"line":82,"column":42}},"82":{"start":{"line":83,"column":0},"end":{"line":83,"column":47}},"83":{"start":{"line":84,"column":0},"end":{"line":84,"column":18}},"84":{"start":{"line":85,"column":0},"end":{"line":85,"column":17}},"85":{"start":{"line":86,"column":0},"end":{"line":86,"column":108}},"86":{"start":{"line":87,"column":0},"end":{"line":87,"column":105}},"87":{"start":{"line":88,"column":0},"end":{"line":88,"column":11}},"88":{"start":{"line":89,"column":0},"end":{"line":89,"column":10}},"89":{"start":{"line":90,"column":0},"end":{"line":90,"column":28}},"90":{"start":{"line":91,"column":0},"end":{"line":91,"column":14}},"91":{"start":{"line":92,"column":0},"end":{"line":92,"column":7}},"92":{"start":{"line":93,"column":0},"end":{"line":93,"column":0}},"93":{"start":{"line":94,"column":0},"end":{"line":94,"column":31}},"94":{"start":{"line":95,"column":0},"end":{"line":95,"column":31}},"95":{"start":{"line":96,"column":0},"end":{"line":96,"column":7}},"96":{"start":{"line":97,"column":0},"end":{"line":97,"column":5}},"97":{"start":{"line":98,"column":0},"end":{"line":98,"column":0}},"98":{"start":{"line":99,"column":0},"end":{"line":99,"column":53}},"99":{"start":{"line":100,"column":0},"end":{"line":100,"column":69}},"100":{"start":{"line":101,"column":0},"end":{"line":101,"column":58}},"101":{"start":{"line":102,"column":0},"end":{"line":102,"column":0}},"102":{"start":{"line":103,"column":0},"end":{"line":103,"column":58}},"103":{"start":{"line":104,"column":0},"end":{"line":104,"column":22}},"104":{"start":{"line":105,"column":0},"end":{"line":105,"column":39}},"105":{"start":{"line":106,"column":0},"end":{"line":106,"column":0}},"106":{"start":{"line":107,"column":0},"end":{"line":107,"column":37}},"107":{"start":{"line":108,"column":0},"end":{"line":108,"column":75}},"108":{"start":{"line":109,"column":0},"end":{"line":109,"column":48}},"109":{"start":{"line":110,"column":0},"end":{"line":110,"column":39}},"110":{"start":{"line":111,"column":0},"end":{"line":111,"column":39}},"111":{"start":{"line":112,"column":0},"end":{"line":112,"column":17}},"112":{"start":{"line":113,"column":0},"end":{"line":113,"column":18}},"113":{"start":{"line":114,"column":0},"end":{"line":114,"column":44}},"114":{"start":{"line":115,"column":0},"end":{"line":115,"column":5}},"115":{"start":{"line":116,"column":0},"end":{"line":116,"column":0}},"116":{"start":{"line":117,"column":0},"end":{"line":117,"column":40}},"117":{"start":{"line":118,"column":0},"end":{"line":118,"column":35}},"118":{"start":{"line":119,"column":0},"end":{"line":119,"column":24}},"119":{"start":{"line":120,"column":0},"end":{"line":120,"column":55}},"120":{"start":{"line":121,"column":0},"end":{"line":121,"column":0}},"121":{"start":{"line":122,"column":0},"end":{"line":122,"column":46}},"122":{"start":{"line":123,"column":0},"end":{"line":123,"column":19}},"123":{"start":{"line":124,"column":0},"end":{"line":124,"column":19}},"124":{"start":{"line":125,"column":0},"end":{"line":125,"column":16}},"125":{"start":{"line":126,"column":0},"end":{"line":126,"column":20}},"126":{"start":{"line":127,"column":0},"end":{"line":127,"column":55}},"127":{"start":{"line":128,"column":0},"end":{"line":128,"column":56}},"128":{"start":{"line":129,"column":0},"end":{"line":129,"column":12}},"129":{"start":{"line":130,"column":0},"end":{"line":130,"column":29}},"130":{"start":{"line":131,"column":0},"end":{"line":131,"column":24}},"131":{"start":{"line":132,"column":0},"end":{"line":132,"column":19}},"132":{"start":{"line":133,"column":0},"end":{"line":133,"column":16}},"133":{"start":{"line":134,"column":0},"end":{"line":134,"column":36}},"134":{"start":{"line":135,"column":0},"end":{"line":135,"column":28}},"135":{"start":{"line":136,"column":0},"end":{"line":136,"column":27}},"136":{"start":{"line":137,"column":0},"end":{"line":137,"column":29}},"137":{"start":{"line":138,"column":0},"end":{"line":138,"column":24}},"138":{"start":{"line":139,"column":0},"end":{"line":139,"column":25}},"139":{"start":{"line":140,"column":0},"end":{"line":140,"column":16}},"140":{"start":{"line":141,"column":0},"end":{"line":141,"column":32}},"141":{"start":{"line":142,"column":0},"end":{"line":142,"column":24}},"142":{"start":{"line":143,"column":0},"end":{"line":143,"column":23}},"143":{"start":{"line":144,"column":0},"end":{"line":144,"column":20}},"144":{"start":{"line":145,"column":0},"end":{"line":145,"column":29}},"145":{"start":{"line":146,"column":0},"end":{"line":146,"column":19}},"146":{"start":{"line":147,"column":0},"end":{"line":147,"column":16}},"147":{"start":{"line":148,"column":0},"end":{"line":148,"column":18}},"148":{"start":{"line":149,"column":0},"end":{"line":149,"column":22}},"149":{"start":{"line":150,"column":0},"end":{"line":150,"column":25}},"150":{"start":{"line":151,"column":0},"end":{"line":151,"column":24}},"151":{"start":{"line":152,"column":0},"end":{"line":152,"column":18}},"152":{"start":{"line":153,"column":0},"end":{"line":153,"column":16}},"153":{"start":{"line":154,"column":0},"end":{"line":154,"column":30}},"154":{"start":{"line":155,"column":0},"end":{"line":155,"column":23}},"155":{"start":{"line":156,"column":0},"end":{"line":156,"column":31}},"156":{"start":{"line":157,"column":0},"end":{"line":157,"column":27}},"157":{"start":{"line":158,"column":0},"end":{"line":158,"column":24}},"158":{"start":{"line":159,"column":0},"end":{"line":159,"column":23}},"159":{"start":{"line":160,"column":0},"end":{"line":160,"column":21}},"160":{"start":{"line":161,"column":0},"end":{"line":161,"column":16}},"161":{"start":{"line":162,"column":0},"end":{"line":162,"column":23}},"162":{"start":{"line":163,"column":0},"end":{"line":163,"column":27}},"163":{"start":{"line":164,"column":0},"end":{"line":164,"column":25}},"164":{"start":{"line":165,"column":0},"end":{"line":165,"column":26}},"165":{"start":{"line":166,"column":0},"end":{"line":166,"column":14}},"166":{"start":{"line":167,"column":0},"end":{"line":167,"column":32}},"167":{"start":{"line":168,"column":0},"end":{"line":168,"column":5}},"168":{"start":{"line":169,"column":0},"end":{"line":169,"column":3}},"169":{"start":{"line":170,"column":0},"end":{"line":170,"column":0}},"170":{"start":{"line":171,"column":0},"end":{"line":171,"column":58}},"171":{"start":{"line":172,"column":0},"end":{"line":172,"column":49}},"172":{"start":{"line":173,"column":0},"end":{"line":173,"column":27}},"173":{"start":{"line":174,"column":0},"end":{"line":174,"column":28}},"174":{"start":{"line":175,"column":0},"end":{"line":175,"column":0}},"175":{"start":{"line":176,"column":0},"end":{"line":176,"column":60}},"176":{"start":{"line":177,"column":0},"end":{"line":177,"column":32}},"177":{"start":{"line":178,"column":0},"end":{"line":178,"column":11}},"178":{"start":{"line":179,"column":0},"end":{"line":179,"column":75}},"179":{"start":{"line":180,"column":0},"end":{"line":180,"column":18}},"180":{"start":{"line":181,"column":0},"end":{"line":181,"column":18}},"181":{"start":{"line":182,"column":0},"end":{"line":182,"column":51}},"182":{"start":{"line":183,"column":0},"end":{"line":183,"column":5}},"183":{"start":{"line":184,"column":0},"end":{"line":184,"column":35}},"184":{"start":{"line":185,"column":0},"end":{"line":185,"column":30}},"185":{"start":{"line":186,"column":0},"end":{"line":186,"column":28}},"186":{"start":{"line":187,"column":0},"end":{"line":187,"column":0}},"187":{"start":{"line":188,"column":0},"end":{"line":188,"column":48}},"188":{"start":{"line":189,"column":0},"end":{"line":189,"column":31}},"189":{"start":{"line":190,"column":0},"end":{"line":190,"column":63}},"190":{"start":{"line":191,"column":0},"end":{"line":191,"column":41}},"191":{"start":{"line":192,"column":0},"end":{"line":192,"column":35}},"192":{"start":{"line":193,"column":0},"end":{"line":193,"column":84}},"193":{"start":{"line":194,"column":0},"end":{"line":194,"column":27}},"194":{"start":{"line":195,"column":0},"end":{"line":195,"column":44}},"195":{"start":{"line":196,"column":0},"end":{"line":196,"column":0}},"196":{"start":{"line":197,"column":0},"end":{"line":197,"column":48}},"197":{"start":{"line":198,"column":0},"end":{"line":198,"column":31}},"198":{"start":{"line":199,"column":0},"end":{"line":199,"column":63}},"199":{"start":{"line":200,"column":0},"end":{"line":200,"column":24}},"200":{"start":{"line":201,"column":0},"end":{"line":201,"column":35}},"201":{"start":{"line":202,"column":0},"end":{"line":202,"column":84}},"202":{"start":{"line":203,"column":0},"end":{"line":203,"column":27}},"203":{"start":{"line":204,"column":0},"end":{"line":204,"column":44}},"204":{"start":{"line":205,"column":0},"end":{"line":205,"column":0}},"205":{"start":{"line":206,"column":0},"end":{"line":206,"column":48}},"206":{"start":{"line":207,"column":0},"end":{"line":207,"column":31}},"207":{"start":{"line":208,"column":0},"end":{"line":208,"column":56}},"208":{"start":{"line":209,"column":0},"end":{"line":209,"column":18}},"209":{"start":{"line":210,"column":0},"end":{"line":210,"column":69}},"210":{"start":{"line":211,"column":0},"end":{"line":211,"column":44}},"211":{"start":{"line":212,"column":0},"end":{"line":212,"column":0}},"212":{"start":{"line":213,"column":0},"end":{"line":213,"column":46}},"213":{"start":{"line":214,"column":0},"end":{"line":214,"column":31}},"214":{"start":{"line":215,"column":0},"end":{"line":215,"column":56}},"215":{"start":{"line":216,"column":0},"end":{"line":216,"column":18}},"216":{"start":{"line":217,"column":0},"end":{"line":217,"column":69}},"217":{"start":{"line":218,"column":0},"end":{"line":218,"column":44}},"218":{"start":{"line":219,"column":0},"end":{"line":219,"column":0}},"219":{"start":{"line":220,"column":0},"end":{"line":220,"column":44}},"220":{"start":{"line":221,"column":0},"end":{"line":221,"column":82}},"221":{"start":{"line":222,"column":0},"end":{"line":222,"column":70}},"222":{"start":{"line":223,"column":0},"end":{"line":223,"column":23}},"223":{"start":{"line":224,"column":0},"end":{"line":224,"column":0}},"224":{"start":{"line":225,"column":0},"end":{"line":225,"column":31}},"225":{"start":{"line":226,"column":0},"end":{"line":226,"column":21}},"226":{"start":{"line":227,"column":0},"end":{"line":227,"column":32}},"227":{"start":{"line":228,"column":0},"end":{"line":228,"column":70}},"228":{"start":{"line":229,"column":0},"end":{"line":229,"column":7}},"229":{"start":{"line":230,"column":0},"end":{"line":230,"column":27}},"230":{"start":{"line":231,"column":0},"end":{"line":231,"column":12}},"231":{"start":{"line":232,"column":0},"end":{"line":232,"column":5}},"232":{"start":{"line":233,"column":0},"end":{"line":233,"column":0}},"233":{"start":{"line":234,"column":0},"end":{"line":234,"column":25}},"234":{"start":{"line":235,"column":0},"end":{"line":235,"column":26}},"235":{"start":{"line":236,"column":0},"end":{"line":236,"column":46}},"236":{"start":{"line":237,"column":0},"end":{"line":237,"column":18}},"237":{"start":{"line":238,"column":0},"end":{"line":238,"column":21}},"238":{"start":{"line":239,"column":0},"end":{"line":239,"column":59}},"239":{"start":{"line":240,"column":0},"end":{"line":240,"column":15}},"240":{"start":{"line":241,"column":0},"end":{"line":241,"column":30}},"241":{"start":{"line":242,"column":0},"end":{"line":242,"column":21}},"242":{"start":{"line":243,"column":0},"end":{"line":243,"column":49}},"243":{"start":{"line":244,"column":0},"end":{"line":244,"column":48}},"244":{"start":{"line":245,"column":0},"end":{"line":245,"column":8}},"245":{"start":{"line":246,"column":0},"end":{"line":246,"column":5}},"246":{"start":{"line":247,"column":0},"end":{"line":247,"column":21}},"247":{"start":{"line":248,"column":0},"end":{"line":248,"column":0}},"248":{"start":{"line":249,"column":0},"end":{"line":249,"column":82}},"249":{"start":{"line":250,"column":0},"end":{"line":250,"column":23}},"250":{"start":{"line":251,"column":0},"end":{"line":251,"column":46}},"251":{"start":{"line":252,"column":0},"end":{"line":252,"column":18}},"252":{"start":{"line":253,"column":0},"end":{"line":253,"column":21}},"253":{"start":{"line":254,"column":0},"end":{"line":254,"column":75}},"254":{"start":{"line":255,"column":0},"end":{"line":255,"column":15}},"255":{"start":{"line":256,"column":0},"end":{"line":256,"column":0}},"256":{"start":{"line":257,"column":0},"end":{"line":257,"column":64}},"257":{"start":{"line":258,"column":0},"end":{"line":258,"column":28}},"258":{"start":{"line":259,"column":0},"end":{"line":259,"column":59}},"259":{"start":{"line":260,"column":0},"end":{"line":260,"column":21}},"260":{"start":{"line":261,"column":0},"end":{"line":261,"column":0}},"261":{"start":{"line":262,"column":0},"end":{"line":262,"column":21}},"262":{"start":{"line":263,"column":0},"end":{"line":263,"column":53}},"263":{"start":{"line":264,"column":0},"end":{"line":264,"column":52}},"264":{"start":{"line":265,"column":0},"end":{"line":265,"column":54}},"265":{"start":{"line":266,"column":0},"end":{"line":266,"column":54}},"266":{"start":{"line":267,"column":0},"end":{"line":267,"column":0}},"267":{"start":{"line":268,"column":0},"end":{"line":268,"column":34}},"268":{"start":{"line":269,"column":0},"end":{"line":269,"column":72}},"269":{"start":{"line":270,"column":0},"end":{"line":270,"column":8}},"270":{"start":{"line":271,"column":0},"end":{"line":271,"column":5}},"271":{"start":{"line":272,"column":0},"end":{"line":272,"column":0}},"272":{"start":{"line":273,"column":0},"end":{"line":273,"column":21}},"273":{"start":{"line":274,"column":0},"end":{"line":274,"column":52}},"274":{"start":{"line":275,"column":0},"end":{"line":275,"column":52}},"275":{"start":{"line":276,"column":0},"end":{"line":276,"column":58}},"276":{"start":{"line":277,"column":0},"end":{"line":277,"column":57}},"277":{"start":{"line":278,"column":0},"end":{"line":278,"column":34}},"278":{"start":{"line":279,"column":0},"end":{"line":279,"column":69}},"279":{"start":{"line":280,"column":0},"end":{"line":280,"column":8}},"280":{"start":{"line":281,"column":0},"end":{"line":281,"column":5}},"281":{"start":{"line":282,"column":0},"end":{"line":282,"column":89}},"282":{"start":{"line":283,"column":0},"end":{"line":283,"column":0}},"283":{"start":{"line":284,"column":0},"end":{"line":284,"column":43}},"284":{"start":{"line":285,"column":0},"end":{"line":285,"column":23}},"285":{"start":{"line":286,"column":0},"end":{"line":286,"column":23}},"286":{"start":{"line":287,"column":0},"end":{"line":287,"column":8}},"287":{"start":{"line":288,"column":0},"end":{"line":288,"column":0}},"288":{"start":{"line":289,"column":0},"end":{"line":289,"column":47}},"289":{"start":{"line":290,"column":0},"end":{"line":290,"column":27}},"290":{"start":{"line":291,"column":0},"end":{"line":291,"column":8}},"291":{"start":{"line":292,"column":0},"end":{"line":292,"column":0}},"292":{"start":{"line":293,"column":0},"end":{"line":293,"column":61}},"293":{"start":{"line":294,"column":0},"end":{"line":294,"column":0}},"294":{"start":{"line":295,"column":0},"end":{"line":295,"column":10}},"295":{"start":{"line":296,"column":0},"end":{"line":296,"column":8}},"296":{"start":{"line":297,"column":0},"end":{"line":297,"column":33}},"297":{"start":{"line":298,"column":0},"end":{"line":298,"column":35}},"298":{"start":{"line":299,"column":0},"end":{"line":299,"column":31}},"299":{"start":{"line":300,"column":0},"end":{"line":300,"column":34}},"300":{"start":{"line":301,"column":0},"end":{"line":301,"column":5}},"301":{"start":{"line":302,"column":0},"end":{"line":302,"column":40}},"302":{"start":{"line":303,"column":0},"end":{"line":303,"column":20}},"303":{"start":{"line":304,"column":0},"end":{"line":304,"column":12}},"304":{"start":{"line":305,"column":0},"end":{"line":305,"column":33}},"305":{"start":{"line":306,"column":0},"end":{"line":306,"column":19}},"306":{"start":{"line":307,"column":0},"end":{"line":307,"column":53}},"307":{"start":{"line":308,"column":0},"end":{"line":308,"column":9}},"308":{"start":{"line":309,"column":0},"end":{"line":309,"column":15}},"309":{"start":{"line":310,"column":0},"end":{"line":310,"column":14}},"310":{"start":{"line":311,"column":0},"end":{"line":311,"column":12}},"311":{"start":{"line":312,"column":0},"end":{"line":312,"column":33}},"312":{"start":{"line":313,"column":0},"end":{"line":313,"column":19}},"313":{"start":{"line":314,"column":0},"end":{"line":314,"column":53}},"314":{"start":{"line":315,"column":0},"end":{"line":315,"column":9}},"315":{"start":{"line":316,"column":0},"end":{"line":316,"column":15}},"316":{"start":{"line":317,"column":0},"end":{"line":317,"column":14}},"317":{"start":{"line":318,"column":0},"end":{"line":318,"column":12}},"318":{"start":{"line":319,"column":0},"end":{"line":319,"column":33}},"319":{"start":{"line":320,"column":0},"end":{"line":320,"column":19}},"320":{"start":{"line":321,"column":0},"end":{"line":321,"column":59}},"321":{"start":{"line":322,"column":0},"end":{"line":322,"column":9}},"322":{"start":{"line":323,"column":0},"end":{"line":323,"column":16}},"323":{"start":{"line":324,"column":0},"end":{"line":324,"column":14}},"324":{"start":{"line":325,"column":0},"end":{"line":325,"column":12}},"325":{"start":{"line":326,"column":0},"end":{"line":326,"column":33}},"326":{"start":{"line":327,"column":0},"end":{"line":327,"column":19}},"327":{"start":{"line":328,"column":0},"end":{"line":328,"column":53}},"328":{"start":{"line":329,"column":0},"end":{"line":329,"column":9}},"329":{"start":{"line":330,"column":0},"end":{"line":330,"column":15}},"330":{"start":{"line":331,"column":0},"end":{"line":331,"column":14}},"331":{"start":{"line":332,"column":0},"end":{"line":332,"column":12}},"332":{"start":{"line":333,"column":0},"end":{"line":333,"column":33}},"333":{"start":{"line":334,"column":0},"end":{"line":334,"column":19}},"334":{"start":{"line":335,"column":0},"end":{"line":335,"column":52}},"335":{"start":{"line":336,"column":0},"end":{"line":336,"column":9}},"336":{"start":{"line":337,"column":0},"end":{"line":337,"column":15}},"337":{"start":{"line":338,"column":0},"end":{"line":338,"column":14}},"338":{"start":{"line":339,"column":0},"end":{"line":339,"column":12}},"339":{"start":{"line":340,"column":0},"end":{"line":340,"column":33}},"340":{"start":{"line":341,"column":0},"end":{"line":341,"column":19}},"341":{"start":{"line":342,"column":0},"end":{"line":342,"column":55}},"342":{"start":{"line":343,"column":0},"end":{"line":343,"column":9}},"343":{"start":{"line":344,"column":0},"end":{"line":344,"column":15}},"344":{"start":{"line":345,"column":0},"end":{"line":345,"column":14}},"345":{"start":{"line":346,"column":0},"end":{"line":346,"column":0}},"346":{"start":{"line":347,"column":0},"end":{"line":347,"column":43}},"347":{"start":{"line":348,"column":0},"end":{"line":348,"column":0}},"348":{"start":{"line":349,"column":0},"end":{"line":349,"column":41}},"349":{"start":{"line":350,"column":0},"end":{"line":350,"column":21}},"350":{"start":{"line":351,"column":0},"end":{"line":351,"column":17}},"351":{"start":{"line":352,"column":0},"end":{"line":352,"column":32}},"352":{"start":{"line":353,"column":0},"end":{"line":353,"column":80}},"353":{"start":{"line":354,"column":0},"end":{"line":354,"column":38}},"354":{"start":{"line":355,"column":0},"end":{"line":355,"column":31}},"355":{"start":{"line":356,"column":0},"end":{"line":356,"column":11}},"356":{"start":{"line":357,"column":0},"end":{"line":357,"column":17}},"357":{"start":{"line":358,"column":0},"end":{"line":358,"column":19}},"358":{"start":{"line":359,"column":0},"end":{"line":359,"column":17}},"359":{"start":{"line":360,"column":0},"end":{"line":360,"column":32}},"360":{"start":{"line":361,"column":0},"end":{"line":361,"column":73}},"361":{"start":{"line":362,"column":0},"end":{"line":362,"column":38}},"362":{"start":{"line":363,"column":0},"end":{"line":363,"column":31}},"363":{"start":{"line":364,"column":0},"end":{"line":364,"column":11}},"364":{"start":{"line":365,"column":0},"end":{"line":365,"column":17}},"365":{"start":{"line":366,"column":0},"end":{"line":366,"column":19}},"366":{"start":{"line":367,"column":0},"end":{"line":367,"column":17}},"367":{"start":{"line":368,"column":0},"end":{"line":368,"column":32}},"368":{"start":{"line":369,"column":0},"end":{"line":369,"column":73}},"369":{"start":{"line":370,"column":0},"end":{"line":370,"column":36}},"370":{"start":{"line":371,"column":0},"end":{"line":371,"column":31}},"371":{"start":{"line":372,"column":0},"end":{"line":372,"column":11}},"372":{"start":{"line":373,"column":0},"end":{"line":373,"column":17}},"373":{"start":{"line":374,"column":0},"end":{"line":374,"column":19}},"374":{"start":{"line":375,"column":0},"end":{"line":375,"column":14}},"375":{"start":{"line":376,"column":0},"end":{"line":376,"column":0}},"376":{"start":{"line":377,"column":0},"end":{"line":377,"column":41}},"377":{"start":{"line":378,"column":0},"end":{"line":378,"column":21}},"378":{"start":{"line":379,"column":0},"end":{"line":379,"column":106}},"379":{"start":{"line":380,"column":0},"end":{"line":380,"column":16}},"380":{"start":{"line":381,"column":0},"end":{"line":381,"column":19}},"381":{"start":{"line":382,"column":0},"end":{"line":382,"column":106}},"382":{"start":{"line":383,"column":0},"end":{"line":383,"column":16}},"383":{"start":{"line":384,"column":0},"end":{"line":384,"column":19}},"384":{"start":{"line":385,"column":0},"end":{"line":385,"column":106}},"385":{"start":{"line":386,"column":0},"end":{"line":386,"column":16}},"386":{"start":{"line":387,"column":0},"end":{"line":387,"column":19}},"387":{"start":{"line":388,"column":0},"end":{"line":388,"column":104}},"388":{"start":{"line":389,"column":0},"end":{"line":389,"column":16}},"389":{"start":{"line":390,"column":0},"end":{"line":390,"column":19}},"390":{"start":{"line":391,"column":0},"end":{"line":391,"column":14}},"391":{"start":{"line":392,"column":0},"end":{"line":392,"column":0}},"392":{"start":{"line":393,"column":0},"end":{"line":393,"column":41}},"393":{"start":{"line":394,"column":0},"end":{"line":394,"column":21}},"394":{"start":{"line":395,"column":0},"end":{"line":395,"column":94}},"395":{"start":{"line":396,"column":0},"end":{"line":396,"column":16}},"396":{"start":{"line":397,"column":0},"end":{"line":397,"column":19}},"397":{"start":{"line":398,"column":0},"end":{"line":398,"column":94}},"398":{"start":{"line":399,"column":0},"end":{"line":399,"column":16}},"399":{"start":{"line":400,"column":0},"end":{"line":400,"column":19}},"400":{"start":{"line":401,"column":0},"end":{"line":401,"column":14}},"401":{"start":{"line":402,"column":0},"end":{"line":402,"column":14}},"402":{"start":{"line":403,"column":0},"end":{"line":403,"column":0}},"403":{"start":{"line":404,"column":0},"end":{"line":404,"column":10}},"404":{"start":{"line":405,"column":0},"end":{"line":405,"column":23}},"405":{"start":{"line":406,"column":0},"end":{"line":406,"column":26}},"406":{"start":{"line":407,"column":0},"end":{"line":407,"column":27}},"407":{"start":{"line":408,"column":0},"end":{"line":408,"column":44}},"408":{"start":{"line":409,"column":0},"end":{"line":409,"column":35}},"409":{"start":{"line":410,"column":0},"end":{"line":410,"column":63}},"410":{"start":{"line":411,"column":0},"end":{"line":411,"column":7}},"411":{"start":{"line":412,"column":0},"end":{"line":412,"column":40}},"412":{"start":{"line":413,"column":0},"end":{"line":413,"column":118}},"413":{"start":{"line":414,"column":0},"end":{"line":414,"column":53}},"414":{"start":{"line":415,"column":0},"end":{"line":415,"column":119}},"415":{"start":{"line":416,"column":0},"end":{"line":416,"column":100}},"416":{"start":{"line":417,"column":0},"end":{"line":417,"column":41}},"417":{"start":{"line":418,"column":0},"end":{"line":418,"column":17}},"418":{"start":{"line":419,"column":0},"end":{"line":419,"column":81}},"419":{"start":{"line":420,"column":0},"end":{"line":420,"column":51}},"420":{"start":{"line":421,"column":0},"end":{"line":421,"column":53}},"421":{"start":{"line":422,"column":0},"end":{"line":422,"column":11}},"422":{"start":{"line":423,"column":0},"end":{"line":423,"column":13}},"423":{"start":{"line":424,"column":0},"end":{"line":424,"column":19}},"424":{"start":{"line":425,"column":0},"end":{"line":425,"column":14}},"425":{"start":{"line":426,"column":0},"end":{"line":426,"column":166}},"426":{"start":{"line":427,"column":0},"end":{"line":427,"column":33}},"427":{"start":{"line":428,"column":0},"end":{"line":428,"column":40}},"428":{"start":{"line":429,"column":0},"end":{"line":429,"column":28}},"429":{"start":{"line":430,"column":0},"end":{"line":430,"column":96}},"430":{"start":{"line":431,"column":0},"end":{"line":431,"column":16}},"431":{"start":{"line":432,"column":0},"end":{"line":432,"column":17}},"432":{"start":{"line":433,"column":0},"end":{"line":433,"column":0}},"433":{"start":{"line":434,"column":0},"end":{"line":434,"column":34}},"434":{"start":{"line":435,"column":0},"end":{"line":435,"column":14}},"435":{"start":{"line":436,"column":0},"end":{"line":436,"column":27}},"436":{"start":{"line":437,"column":0},"end":{"line":437,"column":128}},"437":{"start":{"line":438,"column":0},"end":{"line":438,"column":20}},"438":{"start":{"line":439,"column":0},"end":{"line":439,"column":29}},"439":{"start":{"line":440,"column":0},"end":{"line":440,"column":28}},"440":{"start":{"line":441,"column":0},"end":{"line":441,"column":34}},"441":{"start":{"line":442,"column":0},"end":{"line":442,"column":36}},"442":{"start":{"line":443,"column":0},"end":{"line":443,"column":69}},"443":{"start":{"line":444,"column":0},"end":{"line":444,"column":14}},"444":{"start":{"line":445,"column":0},"end":{"line":445,"column":66}},"445":{"start":{"line":446,"column":0},"end":{"line":446,"column":11}},"446":{"start":{"line":447,"column":0},"end":{"line":447,"column":42}},"447":{"start":{"line":448,"column":0},"end":{"line":448,"column":47}},"448":{"start":{"line":449,"column":0},"end":{"line":449,"column":47}},"449":{"start":{"line":450,"column":0},"end":{"line":450,"column":53}},"450":{"start":{"line":451,"column":0},"end":{"line":451,"column":92}},"451":{"start":{"line":452,"column":0},"end":{"line":452,"column":19}},"452":{"start":{"line":453,"column":0},"end":{"line":453,"column":41}},"453":{"start":{"line":454,"column":0},"end":{"line":454,"column":44}},"454":{"start":{"line":455,"column":0},"end":{"line":455,"column":72}},"455":{"start":{"line":456,"column":0},"end":{"line":456,"column":21}},"456":{"start":{"line":457,"column":0},"end":{"line":457,"column":14}},"457":{"start":{"line":458,"column":0},"end":{"line":458,"column":41}},"458":{"start":{"line":459,"column":0},"end":{"line":459,"column":44}},"459":{"start":{"line":460,"column":0},"end":{"line":460,"column":68}},"460":{"start":{"line":461,"column":0},"end":{"line":461,"column":21}},"461":{"start":{"line":462,"column":0},"end":{"line":462,"column":14}},"462":{"start":{"line":463,"column":0},"end":{"line":463,"column":47}},"463":{"start":{"line":464,"column":0},"end":{"line":464,"column":44}},"464":{"start":{"line":465,"column":0},"end":{"line":465,"column":66}},"465":{"start":{"line":466,"column":0},"end":{"line":466,"column":21}},"466":{"start":{"line":467,"column":0},"end":{"line":467,"column":14}},"467":{"start":{"line":468,"column":0},"end":{"line":468,"column":87}},"468":{"start":{"line":469,"column":0},"end":{"line":469,"column":18}},"469":{"start":{"line":470,"column":0},"end":{"line":470,"column":41}},"470":{"start":{"line":471,"column":0},"end":{"line":471,"column":70}},"471":{"start":{"line":472,"column":0},"end":{"line":472,"column":22}},"472":{"start":{"line":473,"column":0},"end":{"line":473,"column":14}},"473":{"start":{"line":474,"column":0},"end":{"line":474,"column":16}},"474":{"start":{"line":475,"column":0},"end":{"line":475,"column":11}},"475":{"start":{"line":476,"column":0},"end":{"line":476,"column":14}},"476":{"start":{"line":477,"column":0},"end":{"line":477,"column":12}},"477":{"start":{"line":478,"column":0},"end":{"line":478,"column":0}},"478":{"start":{"line":479,"column":0},"end":{"line":479,"column":42}},"479":{"start":{"line":480,"column":0},"end":{"line":480,"column":19}},"480":{"start":{"line":481,"column":0},"end":{"line":481,"column":21}},"481":{"start":{"line":482,"column":0},"end":{"line":482,"column":41}},"482":{"start":{"line":483,"column":0},"end":{"line":483,"column":42}},"483":{"start":{"line":484,"column":0},"end":{"line":484,"column":33}},"484":{"start":{"line":485,"column":0},"end":{"line":485,"column":128}},"485":{"start":{"line":486,"column":0},"end":{"line":486,"column":18}},"486":{"start":{"line":487,"column":0},"end":{"line":487,"column":0}},"487":{"start":{"line":488,"column":0},"end":{"line":488,"column":43}},"488":{"start":{"line":489,"column":0},"end":{"line":489,"column":30}},"489":{"start":{"line":490,"column":0},"end":{"line":490,"column":55}},"490":{"start":{"line":491,"column":0},"end":{"line":491,"column":37}},"491":{"start":{"line":492,"column":0},"end":{"line":492,"column":50}},"492":{"start":{"line":493,"column":0},"end":{"line":493,"column":88}},"493":{"start":{"line":494,"column":0},"end":{"line":494,"column":19}},"494":{"start":{"line":495,"column":0},"end":{"line":495,"column":38}},"495":{"start":{"line":496,"column":0},"end":{"line":496,"column":18}},"496":{"start":{"line":497,"column":0},"end":{"line":497,"column":36}},"497":{"start":{"line":498,"column":0},"end":{"line":498,"column":60}},"498":{"start":{"line":499,"column":0},"end":{"line":499,"column":147}},"499":{"start":{"line":500,"column":0},"end":{"line":500,"column":127}},"500":{"start":{"line":501,"column":0},"end":{"line":501,"column":38}},"501":{"start":{"line":502,"column":0},"end":{"line":502,"column":18}},"502":{"start":{"line":503,"column":0},"end":{"line":503,"column":40}},"503":{"start":{"line":504,"column":0},"end":{"line":504,"column":60}},"504":{"start":{"line":505,"column":0},"end":{"line":505,"column":80}},"505":{"start":{"line":506,"column":0},"end":{"line":506,"column":127}},"506":{"start":{"line":507,"column":0},"end":{"line":507,"column":38}},"507":{"start":{"line":508,"column":0},"end":{"line":508,"column":18}},"508":{"start":{"line":509,"column":0},"end":{"line":509,"column":46}},"509":{"start":{"line":510,"column":0},"end":{"line":510,"column":60}},"510":{"start":{"line":511,"column":0},"end":{"line":511,"column":100}},"511":{"start":{"line":512,"column":0},"end":{"line":512,"column":127}},"512":{"start":{"line":513,"column":0},"end":{"line":513,"column":38}},"513":{"start":{"line":514,"column":0},"end":{"line":514,"column":18}},"514":{"start":{"line":515,"column":0},"end":{"line":515,"column":16}},"515":{"start":{"line":516,"column":0},"end":{"line":516,"column":14}},"516":{"start":{"line":517,"column":0},"end":{"line":517,"column":0}},"517":{"start":{"line":518,"column":0},"end":{"line":518,"column":43}},"518":{"start":{"line":519,"column":0},"end":{"line":519,"column":30}},"519":{"start":{"line":520,"column":0},"end":{"line":520,"column":55}},"520":{"start":{"line":521,"column":0},"end":{"line":521,"column":37}},"521":{"start":{"line":522,"column":0},"end":{"line":522,"column":50}},"522":{"start":{"line":523,"column":0},"end":{"line":523,"column":88}},"523":{"start":{"line":524,"column":0},"end":{"line":524,"column":19}},"524":{"start":{"line":525,"column":0},"end":{"line":525,"column":38}},"525":{"start":{"line":526,"column":0},"end":{"line":526,"column":18}},"526":{"start":{"line":527,"column":0},"end":{"line":527,"column":16}},"527":{"start":{"line":528,"column":0},"end":{"line":528,"column":14}},"528":{"start":{"line":529,"column":0},"end":{"line":529,"column":0}},"529":{"start":{"line":530,"column":0},"end":{"line":530,"column":49}},"530":{"start":{"line":531,"column":0},"end":{"line":531,"column":35}},"531":{"start":{"line":532,"column":0},"end":{"line":532,"column":60}},"532":{"start":{"line":533,"column":0},"end":{"line":533,"column":37}},"533":{"start":{"line":534,"column":0},"end":{"line":534,"column":50}},"534":{"start":{"line":535,"column":0},"end":{"line":535,"column":88}},"535":{"start":{"line":536,"column":0},"end":{"line":536,"column":19}},"536":{"start":{"line":537,"column":0},"end":{"line":537,"column":38}},"537":{"start":{"line":538,"column":0},"end":{"line":538,"column":18}},"538":{"start":{"line":539,"column":0},"end":{"line":539,"column":16}},"539":{"start":{"line":540,"column":0},"end":{"line":540,"column":14}},"540":{"start":{"line":541,"column":0},"end":{"line":541,"column":0}},"541":{"start":{"line":542,"column":0},"end":{"line":542,"column":43}},"542":{"start":{"line":543,"column":0},"end":{"line":543,"column":30}},"543":{"start":{"line":544,"column":0},"end":{"line":544,"column":55}},"544":{"start":{"line":545,"column":0},"end":{"line":545,"column":37}},"545":{"start":{"line":546,"column":0},"end":{"line":546,"column":50}},"546":{"start":{"line":547,"column":0},"end":{"line":547,"column":88}},"547":{"start":{"line":548,"column":0},"end":{"line":548,"column":19}},"548":{"start":{"line":549,"column":0},"end":{"line":549,"column":38}},"549":{"start":{"line":550,"column":0},"end":{"line":550,"column":18}},"550":{"start":{"line":551,"column":0},"end":{"line":551,"column":16}},"551":{"start":{"line":552,"column":0},"end":{"line":552,"column":14}},"552":{"start":{"line":553,"column":0},"end":{"line":553,"column":0}},"553":{"start":{"line":554,"column":0},"end":{"line":554,"column":42}},"554":{"start":{"line":555,"column":0},"end":{"line":555,"column":29}},"555":{"start":{"line":556,"column":0},"end":{"line":556,"column":54}},"556":{"start":{"line":557,"column":0},"end":{"line":557,"column":37}},"557":{"start":{"line":558,"column":0},"end":{"line":558,"column":50}},"558":{"start":{"line":559,"column":0},"end":{"line":559,"column":88}},"559":{"start":{"line":560,"column":0},"end":{"line":560,"column":19}},"560":{"start":{"line":561,"column":0},"end":{"line":561,"column":38}},"561":{"start":{"line":562,"column":0},"end":{"line":562,"column":18}},"562":{"start":{"line":563,"column":0},"end":{"line":563,"column":16}},"563":{"start":{"line":564,"column":0},"end":{"line":564,"column":14}},"564":{"start":{"line":565,"column":0},"end":{"line":565,"column":0}},"565":{"start":{"line":566,"column":0},"end":{"line":566,"column":45}},"566":{"start":{"line":567,"column":0},"end":{"line":567,"column":32}},"567":{"start":{"line":568,"column":0},"end":{"line":568,"column":57}},"568":{"start":{"line":569,"column":0},"end":{"line":569,"column":37}},"569":{"start":{"line":570,"column":0},"end":{"line":570,"column":50}},"570":{"start":{"line":571,"column":0},"end":{"line":571,"column":88}},"571":{"start":{"line":572,"column":0},"end":{"line":572,"column":19}},"572":{"start":{"line":573,"column":0},"end":{"line":573,"column":38}},"573":{"start":{"line":574,"column":0},"end":{"line":574,"column":18}},"574":{"start":{"line":575,"column":0},"end":{"line":575,"column":16}},"575":{"start":{"line":576,"column":0},"end":{"line":576,"column":14}},"576":{"start":{"line":577,"column":0},"end":{"line":577,"column":0}},"577":{"start":{"line":578,"column":0},"end":{"line":578,"column":42}},"578":{"start":{"line":579,"column":0},"end":{"line":579,"column":31}},"579":{"start":{"line":580,"column":0},"end":{"line":580,"column":40}},"580":{"start":{"line":581,"column":0},"end":{"line":581,"column":93}},"581":{"start":{"line":582,"column":0},"end":{"line":582,"column":114}},"582":{"start":{"line":583,"column":0},"end":{"line":583,"column":38}},"583":{"start":{"line":584,"column":0},"end":{"line":584,"column":28}},"584":{"start":{"line":585,"column":0},"end":{"line":585,"column":93}},"585":{"start":{"line":586,"column":0},"end":{"line":586,"column":114}},"586":{"start":{"line":587,"column":0},"end":{"line":587,"column":38}},"587":{"start":{"line":588,"column":0},"end":{"line":588,"column":28}},"588":{"start":{"line":589,"column":0},"end":{"line":589,"column":20}},"589":{"start":{"line":590,"column":0},"end":{"line":590,"column":18}},"590":{"start":{"line":591,"column":0},"end":{"line":591,"column":0}},"591":{"start":{"line":592,"column":0},"end":{"line":592,"column":42}},"592":{"start":{"line":593,"column":0},"end":{"line":593,"column":31}},"593":{"start":{"line":594,"column":0},"end":{"line":594,"column":40}},"594":{"start":{"line":595,"column":0},"end":{"line":595,"column":85}},"595":{"start":{"line":596,"column":0},"end":{"line":596,"column":118}},"596":{"start":{"line":597,"column":0},"end":{"line":597,"column":38}},"597":{"start":{"line":598,"column":0},"end":{"line":598,"column":28}},"598":{"start":{"line":599,"column":0},"end":{"line":599,"column":86}},"599":{"start":{"line":600,"column":0},"end":{"line":600,"column":119}},"600":{"start":{"line":601,"column":0},"end":{"line":601,"column":38}},"601":{"start":{"line":602,"column":0},"end":{"line":602,"column":28}},"602":{"start":{"line":603,"column":0},"end":{"line":603,"column":20}},"603":{"start":{"line":604,"column":0},"end":{"line":604,"column":18}},"604":{"start":{"line":605,"column":0},"end":{"line":605,"column":0}},"605":{"start":{"line":606,"column":0},"end":{"line":606,"column":91}},"606":{"start":{"line":607,"column":0},"end":{"line":607,"column":21}},"607":{"start":{"line":608,"column":0},"end":{"line":608,"column":21}},"608":{"start":{"line":609,"column":0},"end":{"line":609,"column":16}},"609":{"start":{"line":610,"column":0},"end":{"line":610,"column":13}},"610":{"start":{"line":611,"column":0},"end":{"line":611,"column":45}},"611":{"start":{"line":612,"column":0},"end":{"line":612,"column":10}},"612":{"start":{"line":613,"column":0},"end":{"line":613,"column":14}},"613":{"start":{"line":614,"column":0},"end":{"line":614,"column":10}},"614":{"start":{"line":615,"column":0},"end":{"line":615,"column":3}},"615":{"start":{"line":616,"column":0},"end":{"line":616,"column":1}},"616":{"start":{"line":617,"column":0},"end":{"line":617,"column":0}},"617":{"start":{"line":618,"column":0},"end":{"line":618,"column":93}},"618":{"start":{"line":619,"column":0},"end":{"line":619,"column":21}},"619":{"start":{"line":620,"column":0},"end":{"line":620,"column":49}},"620":{"start":{"line":621,"column":0},"end":{"line":621,"column":25}},"621":{"start":{"line":622,"column":0},"end":{"line":622,"column":41}},"622":{"start":{"line":623,"column":0},"end":{"line":623,"column":72}},"623":{"start":{"line":624,"column":0},"end":{"line":624,"column":4}},"624":{"start":{"line":625,"column":0},"end":{"line":625,"column":10}},"625":{"start":{"line":626,"column":0},"end":{"line":626,"column":6}},"626":{"start":{"line":627,"column":0},"end":{"line":627,"column":36}},"627":{"start":{"line":628,"column":0},"end":{"line":628,"column":26}},"628":{"start":{"line":629,"column":0},"end":{"line":629,"column":37}},"629":{"start":{"line":630,"column":0},"end":{"line":630,"column":44}},"630":{"start":{"line":631,"column":0},"end":{"line":631,"column":48}},"631":{"start":{"line":632,"column":0},"end":{"line":632,"column":20}},"632":{"start":{"line":633,"column":0},"end":{"line":633,"column":32}},"633":{"start":{"line":634,"column":0},"end":{"line":634,"column":33}},"634":{"start":{"line":635,"column":0},"end":{"line":635,"column":74}},"635":{"start":{"line":636,"column":0},"end":{"line":636,"column":16}},"636":{"start":{"line":637,"column":0},"end":{"line":637,"column":20}},"637":{"start":{"line":638,"column":0},"end":{"line":638,"column":32}},"638":{"start":{"line":639,"column":0},"end":{"line":639,"column":33}},"639":{"start":{"line":640,"column":0},"end":{"line":640,"column":74}},"640":{"start":{"line":641,"column":0},"end":{"line":641,"column":16}},"641":{"start":{"line":642,"column":0},"end":{"line":642,"column":20}},"642":{"start":{"line":643,"column":0},"end":{"line":643,"column":31}},"643":{"start":{"line":644,"column":0},"end":{"line":644,"column":29}},"644":{"start":{"line":645,"column":0},"end":{"line":645,"column":39}},"645":{"start":{"line":646,"column":0},"end":{"line":646,"column":82}},"646":{"start":{"line":647,"column":0},"end":{"line":647,"column":37}},"647":{"start":{"line":648,"column":0},"end":{"line":648,"column":16}},"648":{"start":{"line":649,"column":0},"end":{"line":649,"column":87}},"649":{"start":{"line":650,"column":0},"end":{"line":650,"column":18}},"650":{"start":{"line":651,"column":0},"end":{"line":651,"column":13}},"651":{"start":{"line":652,"column":0},"end":{"line":652,"column":14}},"652":{"start":{"line":653,"column":0},"end":{"line":653,"column":74}},"653":{"start":{"line":654,"column":0},"end":{"line":654,"column":12}},"654":{"start":{"line":655,"column":0},"end":{"line":655,"column":36}},"655":{"start":{"line":656,"column":0},"end":{"line":656,"column":26}},"656":{"start":{"line":657,"column":0},"end":{"line":657,"column":97}},"657":{"start":{"line":658,"column":0},"end":{"line":658,"column":44}},"658":{"start":{"line":659,"column":0},"end":{"line":659,"column":45}},"659":{"start":{"line":660,"column":0},"end":{"line":660,"column":17}},"660":{"start":{"line":661,"column":0},"end":{"line":661,"column":12}},"661":{"start":{"line":662,"column":0},"end":{"line":662,"column":7}},"662":{"start":{"line":663,"column":0},"end":{"line":663,"column":3}},"663":{"start":{"line":664,"column":0},"end":{"line":664,"column":1}},"664":{"start":{"line":665,"column":0},"end":{"line":665,"column":0}},"665":{"start":{"line":666,"column":0},"end":{"line":666,"column":48}},"666":{"start":{"line":667,"column":0},"end":{"line":667,"column":21}},"667":{"start":{"line":668,"column":0},"end":{"line":668,"column":49}},"668":{"start":{"line":669,"column":0},"end":{"line":669,"column":4}},"669":{"start":{"line":670,"column":0},"end":{"line":670,"column":10}},"670":{"start":{"line":671,"column":0},"end":{"line":671,"column":6}},"671":{"start":{"line":672,"column":0},"end":{"line":672,"column":36}},"672":{"start":{"line":673,"column":0},"end":{"line":673,"column":27}},"673":{"start":{"line":674,"column":0},"end":{"line":674,"column":95}},"674":{"start":{"line":675,"column":0},"end":{"line":675,"column":48}},"675":{"start":{"line":676,"column":0},"end":{"line":676,"column":50}},"676":{"start":{"line":677,"column":0},"end":{"line":677,"column":47}},"677":{"start":{"line":678,"column":0},"end":{"line":678,"column":56}},"678":{"start":{"line":679,"column":0},"end":{"line":679,"column":17}},"679":{"start":{"line":680,"column":0},"end":{"line":680,"column":12}},"680":{"start":{"line":681,"column":0},"end":{"line":681,"column":36}},"681":{"start":{"line":682,"column":0},"end":{"line":682,"column":28}},"682":{"start":{"line":683,"column":0},"end":{"line":683,"column":127}},"683":{"start":{"line":684,"column":0},"end":{"line":684,"column":12}},"684":{"start":{"line":685,"column":0},"end":{"line":685,"column":36}},"685":{"start":{"line":686,"column":0},"end":{"line":686,"column":28}},"686":{"start":{"line":687,"column":0},"end":{"line":687,"column":195}},"687":{"start":{"line":688,"column":0},"end":{"line":688,"column":12}},"688":{"start":{"line":689,"column":0},"end":{"line":689,"column":36}},"689":{"start":{"line":690,"column":0},"end":{"line":690,"column":26}},"690":{"start":{"line":691,"column":0},"end":{"line":691,"column":97}},"691":{"start":{"line":692,"column":0},"end":{"line":692,"column":44}},"692":{"start":{"line":693,"column":0},"end":{"line":693,"column":45}},"693":{"start":{"line":694,"column":0},"end":{"line":694,"column":17}},"694":{"start":{"line":695,"column":0},"end":{"line":695,"column":12}},"695":{"start":{"line":696,"column":0},"end":{"line":696,"column":7}},"696":{"start":{"line":697,"column":0},"end":{"line":697,"column":3}},"697":{"start":{"line":698,"column":0},"end":{"line":698,"column":1}},"698":{"start":{"line":699,"column":0},"end":{"line":699,"column":0}},"699":{"start":{"line":700,"column":0},"end":{"line":700,"column":53}},"700":{"start":{"line":701,"column":0},"end":{"line":701,"column":26}},"701":{"start":{"line":702,"column":0},"end":{"line":702,"column":49}},"702":{"start":{"line":703,"column":0},"end":{"line":703,"column":4}},"703":{"start":{"line":704,"column":0},"end":{"line":704,"column":10}},"704":{"start":{"line":705,"column":0},"end":{"line":705,"column":6}},"705":{"start":{"line":706,"column":0},"end":{"line":706,"column":36}},"706":{"start":{"line":707,"column":0},"end":{"line":707,"column":27}},"707":{"start":{"line":708,"column":0},"end":{"line":708,"column":132}},"708":{"start":{"line":709,"column":0},"end":{"line":709,"column":12}},"709":{"start":{"line":710,"column":0},"end":{"line":710,"column":36}},"710":{"start":{"line":711,"column":0},"end":{"line":711,"column":27}},"711":{"start":{"line":712,"column":0},"end":{"line":712,"column":123}},"712":{"start":{"line":713,"column":0},"end":{"line":713,"column":12}},"713":{"start":{"line":714,"column":0},"end":{"line":714,"column":36}},"714":{"start":{"line":715,"column":0},"end":{"line":715,"column":25}},"715":{"start":{"line":716,"column":0},"end":{"line":716,"column":110}},"716":{"start":{"line":717,"column":0},"end":{"line":717,"column":12}},"717":{"start":{"line":718,"column":0},"end":{"line":718,"column":36}},"718":{"start":{"line":719,"column":0},"end":{"line":719,"column":25}},"719":{"start":{"line":720,"column":0},"end":{"line":720,"column":129}},"720":{"start":{"line":721,"column":0},"end":{"line":721,"column":12}},"721":{"start":{"line":722,"column":0},"end":{"line":722,"column":7}},"722":{"start":{"line":723,"column":0},"end":{"line":723,"column":3}},"723":{"start":{"line":724,"column":0},"end":{"line":724,"column":1}},"724":{"start":{"line":725,"column":0},"end":{"line":725,"column":0}},"725":{"start":{"line":726,"column":0},"end":{"line":726,"column":48}},"726":{"start":{"line":727,"column":0},"end":{"line":727,"column":21}},"727":{"start":{"line":728,"column":0},"end":{"line":728,"column":49}},"728":{"start":{"line":729,"column":0},"end":{"line":729,"column":4}},"729":{"start":{"line":730,"column":0},"end":{"line":730,"column":10}},"730":{"start":{"line":731,"column":0},"end":{"line":731,"column":6}},"731":{"start":{"line":732,"column":0},"end":{"line":732,"column":36}},"732":{"start":{"line":733,"column":0},"end":{"line":733,"column":27}},"733":{"start":{"line":734,"column":0},"end":{"line":734,"column":122}},"734":{"start":{"line":735,"column":0},"end":{"line":735,"column":12}},"735":{"start":{"line":736,"column":0},"end":{"line":736,"column":36}},"736":{"start":{"line":737,"column":0},"end":{"line":737,"column":27}},"737":{"start":{"line":738,"column":0},"end":{"line":738,"column":121}},"738":{"start":{"line":739,"column":0},"end":{"line":739,"column":12}},"739":{"start":{"line":740,"column":0},"end":{"line":740,"column":36}},"740":{"start":{"line":741,"column":0},"end":{"line":741,"column":27}},"741":{"start":{"line":742,"column":0},"end":{"line":742,"column":96}},"742":{"start":{"line":743,"column":0},"end":{"line":743,"column":55}},"743":{"start":{"line":744,"column":0},"end":{"line":744,"column":51}},"744":{"start":{"line":745,"column":0},"end":{"line":745,"column":49}},"745":{"start":{"line":746,"column":0},"end":{"line":746,"column":17}},"746":{"start":{"line":747,"column":0},"end":{"line":747,"column":12}},"747":{"start":{"line":748,"column":0},"end":{"line":748,"column":7}},"748":{"start":{"line":749,"column":0},"end":{"line":749,"column":3}},"749":{"start":{"line":750,"column":0},"end":{"line":750,"column":1}},"750":{"start":{"line":751,"column":0},"end":{"line":751,"column":0}},"751":{"start":{"line":752,"column":0},"end":{"line":752,"column":47}},"752":{"start":{"line":753,"column":0},"end":{"line":753,"column":20}},"753":{"start":{"line":754,"column":0},"end":{"line":754,"column":49}},"754":{"start":{"line":755,"column":0},"end":{"line":755,"column":4}},"755":{"start":{"line":756,"column":0},"end":{"line":756,"column":10}},"756":{"start":{"line":757,"column":0},"end":{"line":757,"column":6}},"757":{"start":{"line":758,"column":0},"end":{"line":758,"column":36}},"758":{"start":{"line":759,"column":0},"end":{"line":759,"column":27}},"759":{"start":{"line":760,"column":0},"end":{"line":760,"column":17}},"760":{"start":{"line":761,"column":0},"end":{"line":761,"column":32}},"761":{"start":{"line":762,"column":0},"end":{"line":762,"column":61}},"762":{"start":{"line":763,"column":0},"end":{"line":763,"column":33}},"763":{"start":{"line":764,"column":0},"end":{"line":764,"column":18}},"764":{"start":{"line":765,"column":0},"end":{"line":765,"column":139}},"765":{"start":{"line":766,"column":0},"end":{"line":766,"column":10}},"766":{"start":{"line":767,"column":0},"end":{"line":767,"column":12}},"767":{"start":{"line":768,"column":0},"end":{"line":768,"column":36}},"768":{"start":{"line":769,"column":0},"end":{"line":769,"column":25}},"769":{"start":{"line":770,"column":0},"end":{"line":770,"column":140}},"770":{"start":{"line":771,"column":0},"end":{"line":771,"column":12}},"771":{"start":{"line":772,"column":0},"end":{"line":772,"column":36}},"772":{"start":{"line":773,"column":0},"end":{"line":773,"column":25}},"773":{"start":{"line":774,"column":0},"end":{"line":774,"column":109}},"774":{"start":{"line":775,"column":0},"end":{"line":775,"column":44}},"775":{"start":{"line":776,"column":0},"end":{"line":776,"column":42}},"776":{"start":{"line":777,"column":0},"end":{"line":777,"column":17}},"777":{"start":{"line":778,"column":0},"end":{"line":778,"column":12}},"778":{"start":{"line":779,"column":0},"end":{"line":779,"column":36}},"779":{"start":{"line":780,"column":0},"end":{"line":780,"column":27}},"780":{"start":{"line":781,"column":0},"end":{"line":781,"column":114}},"781":{"start":{"line":782,"column":0},"end":{"line":782,"column":12}},"782":{"start":{"line":783,"column":0},"end":{"line":783,"column":36}},"783":{"start":{"line":784,"column":0},"end":{"line":784,"column":25}},"784":{"start":{"line":785,"column":0},"end":{"line":785,"column":97}},"785":{"start":{"line":786,"column":0},"end":{"line":786,"column":42}},"786":{"start":{"line":787,"column":0},"end":{"line":787,"column":44}},"787":{"start":{"line":788,"column":0},"end":{"line":788,"column":43}},"788":{"start":{"line":789,"column":0},"end":{"line":789,"column":17}},"789":{"start":{"line":790,"column":0},"end":{"line":790,"column":12}},"790":{"start":{"line":791,"column":0},"end":{"line":791,"column":7}},"791":{"start":{"line":792,"column":0},"end":{"line":792,"column":3}},"792":{"start":{"line":793,"column":0},"end":{"line":793,"column":1}},"793":{"start":{"line":794,"column":0},"end":{"line":794,"column":0}},"794":{"start":{"line":795,"column":0},"end":{"line":795,"column":50}},"795":{"start":{"line":796,"column":0},"end":{"line":796,"column":23}},"796":{"start":{"line":797,"column":0},"end":{"line":797,"column":49}},"797":{"start":{"line":798,"column":0},"end":{"line":798,"column":4}},"798":{"start":{"line":799,"column":0},"end":{"line":799,"column":10}},"799":{"start":{"line":800,"column":0},"end":{"line":800,"column":6}},"800":{"start":{"line":801,"column":0},"end":{"line":801,"column":36}},"801":{"start":{"line":802,"column":0},"end":{"line":802,"column":32}},"802":{"start":{"line":803,"column":0},"end":{"line":803,"column":140}},"803":{"start":{"line":804,"column":0},"end":{"line":804,"column":12}},"804":{"start":{"line":805,"column":0},"end":{"line":805,"column":36}},"805":{"start":{"line":806,"column":0},"end":{"line":806,"column":27}},"806":{"start":{"line":807,"column":0},"end":{"line":807,"column":114}},"807":{"start":{"line":808,"column":0},"end":{"line":808,"column":12}},"808":{"start":{"line":809,"column":0},"end":{"line":809,"column":36}},"809":{"start":{"line":810,"column":0},"end":{"line":810,"column":27}},"810":{"start":{"line":811,"column":0},"end":{"line":811,"column":98}},"811":{"start":{"line":812,"column":0},"end":{"line":812,"column":43}},"812":{"start":{"line":813,"column":0},"end":{"line":813,"column":44}},"813":{"start":{"line":814,"column":0},"end":{"line":814,"column":44}},"814":{"start":{"line":815,"column":0},"end":{"line":815,"column":17}},"815":{"start":{"line":816,"column":0},"end":{"line":816,"column":12}},"816":{"start":{"line":817,"column":0},"end":{"line":817,"column":7}},"817":{"start":{"line":818,"column":0},"end":{"line":818,"column":3}},"818":{"start":{"line":819,"column":0},"end":{"line":819,"column":1}}},"s":{"0":1,"1":1,"2":1,"3":1,"4":1,"5":1,"6":1,"7":1,"8":1,"9":15,"10":15,"11":15,"12":15,"13":15,"14":15,"15":15,"16":15,"17":15,"18":15,"19":15,"20":15,"21":15,"22":15,"23":15,"24":15,"25":15,"26":15,"27":15,"28":15,"29":15,"30":15,"31":13,"32":13,"33":0,"34":0,"35":15,"36":15,"37":15,"38":15,"39":14,"40":0,"41":0,"42":0,"43":0,"44":0,"45":0,"46":0,"47":0,"48":0,"49":0,"50":0,"51":0,"52":0,"53":0,"54":0,"55":0,"56":0,"57":0,"58":0,"59":0,"60":0,"61":0,"62":0,"63":0,"64":0,"65":0,"66":0,"67":0,"68":0,"69":0,"70":0,"71":0,"72":0,"73":0,"74":0,"75":0,"76":0,"77":0,"78":0,"79":0,"80":0,"81":0,"82":0,"83":0,"84":0,"85":0,"86":0,"87":0,"88":0,"89":0,"90":0,"91":0,"92":0,"93":0,"94":0,"95":0,"96":0,"97":14,"98":14,"99":14,"100":15,"101":15,"102":15,"103":0,"104":0,"105":0,"106":0,"107":0,"108":0,"109":0,"110":0,"111":0,"112":0,"113":0,"114":0,"115":0,"116":0,"117":0,"118":0,"119":15,"120":15,"121":15,"122":0,"123":0,"124":0,"125":0,"126":0,"127":0,"128":0,"129":0,"130":0,"131":0,"132":0,"133":0,"134":0,"135":0,"136":0,"137":0,"138":0,"139":0,"140":0,"141":0,"142":0,"143":0,"144":0,"145":0,"146":0,"147":0,"148":0,"149":0,"150":0,"151":0,"152":0,"153":0,"154":0,"155":0,"156":0,"157":0,"158":0,"159":0,"160":0,"161":0,"162":0,"163":0,"164":0,"165":0,"166":0,"167":0,"168":0,"169":15,"170":15,"171":0,"172":0,"173":15,"174":15,"175":15,"176":0,"177":0,"178":0,"179":0,"180":0,"181":0,"182":0,"183":0,"184":0,"185":15,"186":15,"187":15,"188":0,"189":0,"190":0,"191":0,"192":0,"193":0,"194":15,"195":15,"196":15,"197":0,"198":0,"199":0,"200":0,"201":0,"202":0,"203":15,"204":15,"205":15,"206":0,"207":0,"208":0,"209":0,"210":15,"211":15,"212":15,"213":0,"214":0,"215":0,"216":0,"217":15,"218":15,"219":15,"220":15,"221":0,"222":0,"223":0,"224":0,"225":0,"226":0,"227":0,"228":0,"229":0,"230":0,"231":0,"232":0,"233":0,"234":0,"235":0,"236":0,"237":0,"238":0,"239":0,"240":0,"241":0,"242":0,"243":0,"244":0,"245":0,"246":15,"247":15,"248":15,"249":0,"250":0,"251":0,"252":0,"253":0,"254":15,"255":15,"256":15,"257":0,"258":0,"259":0,"260":0,"261":0,"262":0,"263":0,"264":0,"265":0,"266":0,"267":0,"268":0,"269":0,"270":0,"271":0,"272":0,"273":0,"274":0,"275":0,"276":0,"277":0,"278":0,"279":0,"280":0,"281":15,"282":15,"283":15,"284":0,"285":0,"286":15,"287":15,"288":15,"289":1,"290":15,"291":15,"292":15,"293":15,"294":15,"295":15,"296":15,"297":15,"298":15,"299":15,"300":15,"301":15,"302":15,"303":15,"304":15,"305":15,"306":15,"307":15,"308":15,"309":15,"310":15,"311":15,"312":15,"313":15,"314":15,"315":15,"316":15,"317":15,"318":15,"319":15,"320":15,"321":15,"322":15,"323":15,"324":15,"325":15,"326":15,"327":15,"328":15,"329":15,"330":15,"331":15,"332":15,"333":15,"334":15,"335":15,"336":15,"337":15,"338":15,"339":15,"340":15,"341":15,"342":15,"343":15,"344":15,"345":15,"346":15,"347":15,"348":15,"349":15,"350":15,"351":15,"352":15,"353":15,"354":15,"355":15,"356":15,"357":15,"358":15,"359":15,"360":15,"361":15,"362":15,"363":15,"364":15,"365":15,"366":15,"367":15,"368":15,"369":15,"370":15,"371":15,"372":15,"373":15,"374":15,"375":15,"376":15,"377":15,"378":15,"379":15,"380":15,"381":15,"382":15,"383":15,"384":15,"385":15,"386":15,"387":15,"388":15,"389":15,"390":15,"391":15,"392":15,"393":15,"394":15,"395":15,"396":15,"397":15,"398":15,"399":15,"400":15,"401":15,"402":15,"403":15,"404":15,"405":15,"406":15,"407":15,"408":15,"409":15,"410":15,"411":15,"412":15,"413":15,"414":15,"415":15,"416":15,"417":15,"418":15,"419":15,"420":15,"421":15,"422":15,"423":15,"424":15,"425":15,"426":15,"427":12,"428":12,"429":12,"430":12,"431":3,"432":15,"433":15,"434":3,"435":3,"436":3,"437":3,"438":3,"439":3,"440":3,"441":3,"442":3,"443":3,"444":3,"445":3,"446":3,"447":3,"448":3,"449":3,"450":3,"451":3,"452":3,"453":3,"454":3,"455":3,"456":3,"457":3,"458":0,"459":0,"460":0,"461":3,"462":3,"463":0,"464":0,"465":0,"466":3,"467":3,"468":0,"469":0,"470":0,"471":0,"472":3,"473":3,"474":15,"475":15,"476":15,"477":15,"478":15,"479":15,"480":15,"481":0,"482":0,"483":0,"484":0,"485":0,"486":0,"487":0,"488":0,"489":0,"490":0,"491":0,"492":0,"493":0,"494":0,"495":0,"496":0,"497":0,"498":0,"499":0,"500":0,"501":0,"502":0,"503":0,"504":0,"505":0,"506":0,"507":0,"508":0,"509":0,"510":0,"511":0,"512":0,"513":0,"514":0,"515":0,"516":0,"517":0,"518":0,"519":0,"520":0,"521":0,"522":0,"523":0,"524":0,"525":0,"526":0,"527":0,"528":0,"529":0,"530":0,"531":0,"532":0,"533":0,"534":0,"535":0,"536":0,"537":0,"538":0,"539":0,"540":0,"541":0,"542":0,"543":0,"544":0,"545":0,"546":0,"547":0,"548":0,"549":0,"550":0,"551":0,"552":0,"553":0,"554":0,"555":0,"556":0,"557":0,"558":0,"559":0,"560":0,"561":0,"562":0,"563":0,"564":0,"565":0,"566":0,"567":0,"568":0,"569":0,"570":0,"571":0,"572":0,"573":0,"574":0,"575":0,"576":0,"577":0,"578":0,"579":0,"580":0,"581":0,"582":0,"583":0,"584":0,"585":0,"586":0,"587":0,"588":0,"589":0,"590":0,"591":0,"592":0,"593":0,"594":0,"595":0,"596":0,"597":0,"598":0,"599":0,"600":0,"601":0,"602":0,"603":0,"604":0,"605":0,"606":0,"607":0,"608":0,"609":15,"610":15,"611":15,"612":15,"613":15,"614":15,"615":15,"616":1,"617":0,"618":0,"619":0,"620":0,"621":0,"622":0,"623":0,"624":0,"625":0,"626":0,"627":0,"628":0,"629":0,"630":0,"631":0,"632":0,"633":0,"634":0,"635":0,"636":0,"637":0,"638":0,"639":0,"640":0,"641":0,"642":0,"643":0,"644":0,"645":0,"646":0,"647":0,"648":0,"649":0,"650":0,"651":0,"652":0,"653":0,"654":0,"655":0,"656":0,"657":0,"658":0,"659":0,"660":0,"661":0,"662":0,"663":0,"664":1,"665":0,"666":0,"667":0,"668":0,"669":0,"670":0,"671":0,"672":0,"673":0,"674":0,"675":0,"676":0,"677":0,"678":0,"679":0,"680":0,"681":0,"682":0,"683":0,"684":0,"685":0,"686":0,"687":0,"688":0,"689":0,"690":0,"691":0,"692":0,"693":0,"694":0,"695":0,"696":0,"697":0,"698":1,"699":0,"700":0,"701":0,"702":0,"703":0,"704":0,"705":0,"706":0,"707":0,"708":0,"709":0,"710":0,"711":0,"712":0,"713":0,"714":0,"715":0,"716":0,"717":0,"718":0,"719":0,"720":0,"721":0,"722":0,"723":0,"724":1,"725":0,"726":0,"727":0,"728":0,"729":0,"730":0,"731":0,"732":0,"733":0,"734":0,"735":0,"736":0,"737":0,"738":0,"739":0,"740":0,"741":0,"742":0,"743":0,"744":0,"745":0,"746":0,"747":0,"748":0,"749":0,"750":1,"751":0,"752":0,"753":0,"754":0,"755":0,"756":0,"757":0,"758":0,"759":0,"760":0,"761":0,"762":0,"763":0,"764":0,"765":0,"766":0,"767":0,"768":0,"769":0,"770":0,"771":0,"772":0,"773":0,"774":0,"775":0,"776":0,"777":0,"778":0,"779":0,"780":0,"781":0,"782":0,"783":0,"784":0,"785":0,"786":0,"787":0,"788":0,"789":0,"790":0,"791":0,"792":0,"793":1,"794":0,"795":0,"796":0,"797":0,"798":0,"799":0,"800":0,"801":0,"802":0,"803":0,"804":0,"805":0,"806":0,"807":0,"808":0,"809":0,"810":0,"811":0,"812":0,"813":0,"814":0,"815":0,"816":0,"817":0,"818":0},"branchMap":{"0":{"type":"branch","line":10,"loc":{"start":{"line":10,"column":0},"end":{"line":616,"column":1}},"locations":[{"start":{"line":10,"column":0},"end":{"line":616,"column":1}}]},"1":{"type":"branch","line":28,"loc":{"start":{"line":28,"column":97},"end":{"line":28,"column":110}},"locations":[{"start":{"line":28,"column":97},"end":{"line":28,"column":110}}]},"2":{"type":"branch","line":410,"loc":{"start":{"line":410,"column":25},"end":{"line":410,"column":51}},"locations":[{"start":{"line":410,"column":25},"end":{"line":410,"column":51}}]},"3":{"type":"branch","line":419,"loc":{"start":{"line":419,"column":51},"end":{"line":419,"column":76}},"locations":[{"start":{"line":419,"column":51},"end":{"line":419,"column":76}}]},"4":{"type":"branch","line":419,"loc":{"start":{"line":419,"column":65},"end":{"line":419,"column":78}},"locations":[{"start":{"line":419,"column":65},"end":{"line":419,"column":78}}]},"5":{"type":"branch","line":421,"loc":{"start":{"line":421,"column":27},"end":{"line":421,"column":47}},"locations":[{"start":{"line":421,"column":27},"end":{"line":421,"column":47}}]},"6":{"type":"branch","line":421,"loc":{"start":{"line":421,"column":41},"end":{"line":421,"column":50}},"locations":[{"start":{"line":421,"column":41},"end":{"line":421,"column":50}}]},"7":{"type":"branch","line":427,"loc":{"start":{"line":427,"column":28},"end":{"line":431,"column":16}},"locations":[{"start":{"line":427,"column":28},"end":{"line":431,"column":16}}]},"8":{"type":"branch","line":431,"loc":{"start":{"line":431,"column":10},"end":{"line":432,"column":17}},"locations":[{"start":{"line":431,"column":10},"end":{"line":432,"column":17}}]},"9":{"type":"branch","line":481,"loc":{"start":{"line":481,"column":9},"end":{"line":609,"column":16}},"locations":[{"start":{"line":481,"column":9},"end":{"line":609,"column":16}}]},"10":{"type":"branch","line":31,"loc":{"start":{"line":31,"column":12},"end":{"line":36,"column":5}},"locations":[{"start":{"line":31,"column":12},"end":{"line":36,"column":5}}]},"11":{"type":"branch","line":32,"loc":{"start":{"line":32,"column":17},"end":{"line":32,"column":23}},"locations":[{"start":{"line":32,"column":17},"end":{"line":32,"column":23}}]},"12":{"type":"branch","line":33,"loc":{"start":{"line":33,"column":68},"end":{"line":35,"column":5}},"locations":[{"start":{"line":33,"column":68},"end":{"line":35,"column":5}}]},"13":{"type":"branch","line":39,"loc":{"start":{"line":39,"column":12},"end":{"line":101,"column":5}},"locations":[{"start":{"line":39,"column":12},"end":{"line":101,"column":5}}]},"14":{"type":"branch","line":100,"loc":{"start":{"line":100,"column":11},"end":{"line":100,"column":69}},"locations":[{"start":{"line":100,"column":11},"end":{"line":100,"column":69}}]},"15":{"type":"branch","line":289,"loc":{"start":{"line":289,"column":40},"end":{"line":291,"column":5}},"locations":[{"start":{"line":289,"column":40},"end":{"line":291,"column":5}}]},"16":{"type":"branch","line":293,"loc":{"start":{"line":293,"column":32},"end":{"line":293,"column":60}},"locations":[{"start":{"line":293,"column":32},"end":{"line":293,"column":60}}]},"17":{"type":"branch","line":420,"loc":{"start":{"line":420,"column":21},"end":{"line":420,"column":51}},"locations":[{"start":{"line":420,"column":21},"end":{"line":420,"column":51}}]},"18":{"type":"branch","line":420,"loc":{"start":{"line":420,"column":42},"end":{"line":420,"column":49}},"locations":[{"start":{"line":420,"column":42},"end":{"line":420,"column":49}}]},"19":{"type":"branch","line":434,"loc":{"start":{"line":434,"column":21},"end":{"line":474,"column":16}},"locations":[{"start":{"line":434,"column":21},"end":{"line":474,"column":16}}]},"20":{"type":"branch","line":437,"loc":{"start":{"line":437,"column":59},"end":{"line":437,"column":77}},"locations":[{"start":{"line":437,"column":59},"end":{"line":437,"column":77}}]},"21":{"type":"branch","line":437,"loc":{"start":{"line":437,"column":105},"end":{"line":437,"column":123}},"locations":[{"start":{"line":437,"column":105},"end":{"line":437,"column":123}}]},"22":{"type":"branch","line":449,"loc":{"start":{"line":449,"column":31},"end":{"line":449,"column":47}},"locations":[{"start":{"line":449,"column":31},"end":{"line":449,"column":47}}]},"23":{"type":"branch","line":450,"loc":{"start":{"line":450,"column":31},"end":{"line":450,"column":53}},"locations":[{"start":{"line":450,"column":31},"end":{"line":450,"column":53}}]},"24":{"type":"branch","line":451,"loc":{"start":{"line":451,"column":46},"end":{"line":451,"column":92}},"locations":[{"start":{"line":451,"column":46},"end":{"line":451,"column":92}}]},"25":{"type":"branch","line":455,"loc":{"start":{"line":455,"column":58},"end":{"line":455,"column":70}},"locations":[{"start":{"line":455,"column":58},"end":{"line":455,"column":70}}]},"26":{"type":"branch","line":458,"loc":{"start":{"line":458,"column":29},"end":{"line":461,"column":21}},"locations":[{"start":{"line":458,"column":29},"end":{"line":461,"column":21}}]},"27":{"type":"branch","line":463,"loc":{"start":{"line":463,"column":29},"end":{"line":466,"column":21}},"locations":[{"start":{"line":463,"column":29},"end":{"line":466,"column":21}}]},"28":{"type":"branch","line":468,"loc":{"start":{"line":468,"column":80},"end":{"line":472,"column":22}},"locations":[{"start":{"line":468,"column":80},"end":{"line":472,"column":22}}]},"29":{"type":"branch","line":443,"loc":{"start":{"line":443,"column":40},"end":{"line":443,"column":63}},"locations":[{"start":{"line":443,"column":40},"end":{"line":443,"column":63}}]}},"b":{"0":[15],"1":[0],"2":[0],"3":[14],"4":[1],"5":[14],"6":[1],"7":[12],"8":[3],"9":[0],"10":[13],"11":[0],"12":[0],"13":[14],"14":[14],"15":[1],"16":[3],"17":[1],"18":[1],"19":[3],"20":[0],"21":[0],"22":[0],"23":[0],"24":[0],"25":[2],"26":[0],"27":[0],"28":[0],"29":[3]},"fnMap":{"0":{"name":"ReportDesigner","decl":{"start":{"line":10,"column":0},"end":{"line":616,"column":1}},"loc":{"start":{"line":10,"column":0},"end":{"line":616,"column":1}},"line":10},"1":{"name":"snap","decl":{"start":{"line":25,"column":15},"end":{"line":25,"column":91}},"loc":{"start":{"line":25,"column":15},"end":{"line":25,"column":91}},"line":25},"2":{"name":"handleKeyDown","decl":{"start":{"line":40,"column":26},"end":{"line":97,"column":5}},"loc":{"start":{"line":40,"column":26},"end":{"line":97,"column":5}},"line":40},"3":{"name":"getDefaultConfig","decl":{"start":{"line":122,"column":27},"end":{"line":169,"column":3}},"loc":{"start":{"line":122,"column":27},"end":{"line":169,"column":3}},"line":122},"4":{"name":"onDragStart","decl":{"start":{"line":307,"column":23},"end":{"line":307,"column":53}},"loc":{"start":{"line":307,"column":23},"end":{"line":307,"column":53}},"line":307},"5":{"name":"onDragStart","decl":{"start":{"line":314,"column":23},"end":{"line":314,"column":53}},"loc":{"start":{"line":314,"column":23},"end":{"line":314,"column":53}},"line":314},"6":{"name":"onDragStart","decl":{"start":{"line":321,"column":23},"end":{"line":321,"column":59}},"loc":{"start":{"line":321,"column":23},"end":{"line":321,"column":59}},"line":321},"7":{"name":"onDragStart","decl":{"start":{"line":328,"column":23},"end":{"line":328,"column":53}},"loc":{"start":{"line":328,"column":23},"end":{"line":328,"column":53}},"line":328},"8":{"name":"onDragStart","decl":{"start":{"line":335,"column":23},"end":{"line":335,"column":52}},"loc":{"start":{"line":335,"column":23},"end":{"line":335,"column":52}},"line":335},"9":{"name":"onDragStart","decl":{"start":{"line":342,"column":23},"end":{"line":342,"column":55}},"loc":{"start":{"line":342,"column":23},"end":{"line":342,"column":55}},"line":342},"10":{"name":"onClick","decl":{"start":{"line":353,"column":21},"end":{"line":353,"column":80}},"loc":{"start":{"line":353,"column":21},"end":{"line":353,"column":80}},"line":353},"11":{"name":"onClick","decl":{"start":{"line":361,"column":21},"end":{"line":361,"column":73}},"loc":{"start":{"line":361,"column":21},"end":{"line":361,"column":73}},"line":361},"12":{"name":"onClick","decl":{"start":{"line":369,"column":21},"end":{"line":369,"column":73}},"loc":{"start":{"line":369,"column":21},"end":{"line":369,"column":73}},"line":369},"13":{"name":"onDragOver","decl":{"start":{"line":408,"column":20},"end":{"line":408,"column":44}},"loc":{"start":{"line":408,"column":20},"end":{"line":408,"column":44}},"line":408},"14":{"name":"onClick","decl":{"start":{"line":413,"column":55},"end":{"line":413,"column":97}},"loc":{"start":{"line":413,"column":55},"end":{"line":413,"column":97}},"line":413},"15":{"name":"onClick","decl":{"start":{"line":415,"column":55},"end":{"line":415,"column":98}},"loc":{"start":{"line":415,"column":55},"end":{"line":415,"column":98}},"line":415},"16":{"name":"onClick","decl":{"start":{"line":416,"column":55},"end":{"line":416,"column":75}},"loc":{"start":{"line":416,"column":55},"end":{"line":416,"column":75}},"line":416},"17":{"name":"onClick","decl":{"start":{"line":420,"column":21},"end":{"line":420,"column":51}},"loc":{"start":{"line":420,"column":21},"end":{"line":420,"column":51}},"line":420},"18":{"name":"onMouseDown","decl":{"start":{"line":445,"column":25},"end":{"line":445,"column":66}},"loc":{"start":{"line":445,"column":25},"end":{"line":445,"column":66}},"line":445},"19":{"name":"onMouseDown","decl":{"start":{"line":471,"column":29},"end":{"line":471,"column":70}},"loc":{"start":{"line":471,"column":29},"end":{"line":471,"column":70}},"line":471},"20":{"name":"onUpdate","decl":{"start":{"line":491,"column":26},"end":{"line":496,"column":18}},"loc":{"start":{"line":491,"column":26},"end":{"line":496,"column":18}},"line":491},"21":{"name":"onAddColumn","decl":{"start":{"line":497,"column":29},"end":{"line":502,"column":18}},"loc":{"start":{"line":497,"column":29},"end":{"line":502,"column":18}},"line":497},"22":{"name":"onRemoveColumn","decl":{"start":{"line":503,"column":32},"end":{"line":508,"column":18}},"loc":{"start":{"line":503,"column":32},"end":{"line":508,"column":18}},"line":503},"23":{"name":"onUpdateColumn","decl":{"start":{"line":509,"column":32},"end":{"line":514,"column":18}},"loc":{"start":{"line":509,"column":32},"end":{"line":514,"column":18}},"line":509},"24":{"name":"onUpdate","decl":{"start":{"line":521,"column":26},"end":{"line":526,"column":18}},"loc":{"start":{"line":521,"column":26},"end":{"line":526,"column":18}},"line":521},"25":{"name":"onUpdate","decl":{"start":{"line":533,"column":26},"end":{"line":538,"column":18}},"loc":{"start":{"line":533,"column":26},"end":{"line":538,"column":18}},"line":533},"26":{"name":"onUpdate","decl":{"start":{"line":545,"column":26},"end":{"line":550,"column":18}},"loc":{"start":{"line":545,"column":26},"end":{"line":550,"column":18}},"line":545},"27":{"name":"onUpdate","decl":{"start":{"line":557,"column":26},"end":{"line":562,"column":18}},"loc":{"start":{"line":557,"column":26},"end":{"line":562,"column":18}},"line":557},"28":{"name":"onUpdate","decl":{"start":{"line":569,"column":26},"end":{"line":574,"column":18}},"loc":{"start":{"line":569,"column":26},"end":{"line":574,"column":18}},"line":569},"29":{"name":"onChange","decl":{"start":{"line":581,"column":87},"end":{"line":584,"column":19}},"loc":{"start":{"line":581,"column":87},"end":{"line":584,"column":19}},"line":581},"30":{"name":"onChange","decl":{"start":{"line":585,"column":87},"end":{"line":588,"column":19}},"loc":{"start":{"line":585,"column":87},"end":{"line":588,"column":19}},"line":585},"31":{"name":"onChange","decl":{"start":{"line":595,"column":79},"end":{"line":598,"column":19}},"loc":{"start":{"line":595,"column":79},"end":{"line":598,"column":19}},"line":595},"32":{"name":"onChange","decl":{"start":{"line":599,"column":80},"end":{"line":602,"column":19}},"loc":{"start":{"line":599,"column":80},"end":{"line":602,"column":19}},"line":599},"33":{"name":"onClick","decl":{"start":{"line":606,"column":52},"end":{"line":606,"column":91}},"loc":{"start":{"line":606,"column":52},"end":{"line":606,"column":91}},"line":606},"34":{"name":"TableProperties","decl":{"start":{"line":618,"column":0},"end":{"line":664,"column":1}},"loc":{"start":{"line":618,"column":0},"end":{"line":664,"column":1}},"line":618},"35":{"name":"ChartProperties","decl":{"start":{"line":666,"column":0},"end":{"line":698,"column":1}},"loc":{"start":{"line":666,"column":0},"end":{"line":698,"column":1}},"line":666},"36":{"name":"MetricCardProperties","decl":{"start":{"line":700,"column":0},"end":{"line":724,"column":1}},"loc":{"start":{"line":700,"column":0},"end":{"line":724,"column":1}},"line":700},"37":{"name":"ImageProperties","decl":{"start":{"line":726,"column":0},"end":{"line":750,"column":1}},"loc":{"start":{"line":726,"column":0},"end":{"line":750,"column":1}},"line":726},"38":{"name":"TextProperties","decl":{"start":{"line":752,"column":0},"end":{"line":793,"column":1}},"loc":{"start":{"line":752,"column":0},"end":{"line":793,"column":1}},"line":752},"39":{"name":"DividerProperties","decl":{"start":{"line":795,"column":0},"end":{"line":819,"column":1}},"loc":{"start":{"line":795,"column":0},"end":{"line":819,"column":1}},"line":795}},"f":{"0":15,"1":0,"2":0,"3":0,"4":0,"5":0,"6":0,"7":0,"8":0,"9":0,"10":0,"11":0,"12":0,"13":0,"14":0,"15":0,"16":0,"17":1,"18":0,"19":0,"20":0,"21":0,"22":0,"23":0,"24":0,"25":0,"26":0,"27":0,"28":0,"29":0,"30":0,"31":0,"32":0,"33":0,"34":0,"35":0,"36":0,"37":0,"38":0,"39":0}}
[...]
":[{"start":{"line":262,"column":0},"end":{"line":275,"column":1}}]},"39":{"type":"branch","line":265,"loc":{"start":{"line":265,"column":23},"end":{"line":265,"column":38}},"locations":[{"start":{"line":265,"column":23},"end":{"line":265,"column":38}}]},"40":{"type":"branch","line":266,"loc":{"start":{"line":266,"column":25},"end":{"line":266,"column":48}},"locations":[{"start":{"line":266,"column":25},"end":{"line":266,"column":48}}]},"41":{"type":"branch","line":267,"loc":{"start":{"line":267,"column":20},"end":{"line":267,"column":36}},"locations":[{"start":{"line":267,"column":20},"end":{"line":267,"column":36}}]},"42":{"type":"branch","line":268,"loc":{"start":{"line":268,"column":24},"end":{"line":268,"column":40}},"locations":[{"start":{"line":268,"column":24},"end":{"line":268,"column":40}}]},"43":{"type":"branch","line":272,"loc":{"start":{"line":272,"column":14},"end":{"line":272,"column":34}},"locations":[{"start":{"line":272,"column":14},"end":{"line":272,"column":34}}]},"44":{"type":"branch","line":277,"loc":{"start":{"line":277,"column":0},"end":{"line":290,"column":1}},"locations":[{"start":{"line":277,"column":0},"end":{"line":290,"column":1}}]},"45":{"type":"branch","line":280,"loc":{"start":{"line":280,"column":21},"end":{"line":280,"column":36}},"locations":[{"start":{"line":280,"column":21},"end":{"line":280,"column":36}}]},"46":{"type":"branch","line":281,"loc":{"start":{"line":281,"column":30},"end":{"line":281,"column":49}},"locations":[{"start":{"line":281,"column":30},"end":{"line":281,"column":49}}]},"47":{"type":"branch","line":282,"loc":{"start":{"line":282,"column":34},"end":{"line":283,"column":51}},"locations":[{"start":{"line":282,"column":34},"end":{"line":283,"column":51}}]},"48":{"type":"branch","line":284,"loc":{"start":{"line":284,"column":27},"end":{"line":285,"column":51}},"locations":[{"start":{"line":284,"column":27},"end":{"line":285,"column":51}}]},"49":{"type":"branch","line":292,"loc":{"start":{"line":292,"column":7},"end":{"line":317,"column":1}},"locations":[{"start":{"line":292,"column":7},"end":{"line":317,"column":1}}]},"50":{"type":"branch","line":297,"loc":{"start":{"line":297,"column":27},"end":{"line":297,"column":40}},"locations":[{"start":{"line":297,"column":27},"end":{"line":297,"column":40}}]},"51":{"type":"branch","line":307,"loc":{"start":{"line":307,"column":24},"end":{"line":307,"column":37}},"locations":[{"start":{"line":307,"column":24},"end":{"line":307,"column":37}}]},"52":{"type":"branch","line":308,"loc":{"start":{"line":308,"column":23},"end":{"line":314,"column":3}},"locations":[{"start":{"line":308,"column":23},"end":{"line":314,"column":3}}]},"53":{"type":"branch","line":312,"loc":{"start":{"line":312,"column":4},"end":{"line":313,"column":40}},"locations":[{"start":{"line":312,"column":4},"end":{"line":313,"column":40}}]},"54":{"type":"branch","line":311,"loc":{"start":{"line":311,"column":51},"end":{"line":311,"column":77}},"locations":[{"start":{"line":311,"column":51},"end":{"line":311,"column":77}}]},"55":{"type":"branch","line":319,"loc":{"start":{"line":319,"column":7},"end":{"line":321,"column":1}},"locations":[{"start":{"line":319,"column":7},"end":{"line":321,"column":1}}]}},"b":{"0":[2],"1":[4],"2":[10],"3":[1],"4":[9],"5":[0],"6":[2],"7":[7],"8":[7],"9":[1],"10":[1],"11":[1],"12":[1],"13":[1],"14":[1],"15":[1],"16":[1],"17":[0],"18":[2],"19":[6],"20":[12],"21":[6],"22":[6],"23":[0],"24":[1],"25":[0],"26":[0],"27":[0],"28":[0],"29":[0],"30":[0],"31":[0],"32":[1],"33":[6],"34":[1],"35":[0],"36":[1],"37":[0],"38":[1],"39":[0],"40":[0],"41":[0],"42":[0],"43":[0],"44":[1],"45":[0],"46":[0],"47":[0],"48":[0],"49":[1],"50":[0],"51":[0],"52":[1],"53":[0],"54":[1],"55":[1]},"fnMap":{"0":{"name":"getMockData","decl":{"start":{"line":48,"column":0},"end":{"line":50,"column":1}},"loc":{"start":{"line":48,"column":0},"end":{"line":50,"column":1}},"line":48},"1":{"name":"getChartColors","decl":{"start":{"line":52,"column":0},"end":{"line":61,"column":1}},"loc":{"start":{"line":52,"column":0},"end":{"line":61,"column":1}},"line":52},"2":{"name":"ReportRenderer","decl":{"start":{"line":63,"column":0},"end":{"line":95,"column":1}},"loc":{"start":{"line":63,"column":0},"end":{"line":95,"column":1}},"line":63},"3":{"name":"renderWidget","decl":{"start":{"line":97,"column":0},"end":{"line":114,"column":1}},"loc":{"start":{"line":97,"column":0},"end":{"line":114,"column":1}},"line":97},"4":{"name":"TableRenderer","decl":{"start":{"line":116,"column":0},"end":{"line":145,"column":1}},"loc":{"start":{"line":116,"column":0},"end":{"line":145,"column":1}},"line":116},"5":{"name":"ChartRenderer","decl":{"start":{"line":147,"column":0},"end":{"line":227,"column":1}},"loc":{"start":{"line":147,"column":0},"end":{"line":227,"column":1}},"line":147},"6":{"name":"MetricCardRenderer","decl":{"start":{"line":229,"column":0},"end":{"line":240,"column":1}},"loc":{"start":{"line":229,"column":0},"end":{"line":240,"column":1}},"line":229},"7":{"name":"ImageRenderer","decl":{"start":{"line":242,"column":0},"end":{"line":260,"column":1}},"loc":{"start":{"line":242,"column":0},"end":{"line":260,"column":1}},"line":242},"8":{"name":"TextRenderer","decl":{"start":{"line":262,"column":0},"end":{"line":275,"column":1}},"loc":{"start":{"line":262,"column":0},"end":{"line":275,"column":1}},"line":262},"9":{"name":"DividerRenderer","decl":{"start":{"line":277,"column":0},"end":{"line":290,"column":1}},"loc":{"start":{"line":277,"column":0},"end":{"line":290,"column":1}},"line":277},"10":{"name":"renderToHTML","decl":{"start":{"line":292,"column":7},"end":{"line":317,"column":1}},"loc":{"start":{"line":292,"column":7},"end":{"line":317,"column":1}},"line":292},"11":{"name":"renderToJSON","decl":{"start":{"line":319,"column":7},"end":{"line":321,"column":1}},"loc":{"start":{"line":319,"column":7},"end":{"line":321,"column":1}},"line":319}},"f":{"0":2,"1":4,"2":10,"3":7,"4":1,"5":1,"6":1,"7":1,"8":1,"9":1,"10":1,"11":1}}
,"D:\\project\\aicoding\\XReport\\src\\hooks\\useHistory.ts": {"path":"D:\\project\\aicoding\\XReport\\src\\hooks\\useHistory.ts","all":false,"statementMap":{"0":{"start":{"line":1,"column":0},"end":{"line":1,"column":53}},"1":{"start":{"line":2,"column":0},"end":{"line":2,"column":0}},"2":{"start":{"line":3,"column":0},"end":{"line":3,"column":43}},"3":{"start":{"line":4,"column":0},"end":{"line":4,"column":48}},"4":{"start":{"line":5,"column":0},"end":{"line":5,"column":43}},"5":{"start":{"line":6,"column":0},"end":{"line":6,"column":28}},"6":{"start":{"line":7,"column":0},"end":{"line":7,"column":0}},"7":{"start":{"line":8,"column":0},"end":{"line":8,"column":45}},"8":{"start":{"line":9,"column":0},"end":{"line":9,"column":41}},"9":{"start":{"line":10,"column":0},"end":{"line":10,"column":38}},"10":{"start":{"line":11,"column":0},"end":{"line":11,"column":0}},"11":{"start":{"line":12,"column":0},"end":{"line":12,"column":23}},"12":{"start":{"line":13,"column":0},"end":{"line":13,"column":57}},"13":{"start":{"line":14,"column":0},"end":{"line":14,"column":29}},"14":{"start":{"line":15,"column":0},"end":{"line":15,"column":0}},"15":{"start":{"line":16,"column":0},"end":{"line":16,"column":16}},"16":{"start":{"line":17,"column":0},"end":{"line":17,"column":33}},"17":{"start":{"line":18,"column":0},"end":{"line":18,"column":24}},"18":{"start":{"line":19,"column":0},"end":{"line":19,"column":12}},"19":{"start":{"line":20,"column":0},"end":{"line":20,"column":46}},"20":{"start":{"line":21,"column":0},"end":{"line":21,"column":5}},"21":{"start":{"line":22,"column":0},"end":{"line":22,"column":0}},"22":{"start":{"line":23,"column":0},"end":{"line":23,"column":35}},"23":{"start":{"line":24,"column":0},"end":{"line":24,"column":22}},"24":{"start":{"line":25,"column":0},"end":{"line":25,"column":8}},"25":{"start":{"line":26,"column":0},"end":{"line":26,"column":0}},"26":{"start":{"line":27,"column":0},"end":{"line":27,"column":34}},"27":{"start":{"line":28,"column":0},"end":{"line":28,"column":37}},"28":{"start":{"line":29,"column":0},"end":{"line":29,"column":25}},"29":{"start":{"line":30,"column":0},"end":{"line":30,"column":50}},"30":{"start":{"line":31,"column":0},"end":{"line":31,"column":8}},"31":{"start":{"line":32,"column":0},"end":{"line":32,"column":0}},"32":{"start":{"line":33,"column":0},"end":{"line":33,"column":34}},"33":{"start":{"line":34,"column":0},"end":{"line":34,"column":65}},"34":{"start":{"line":35,"column":0},"end":{"line":35,"column":25}},"35":{"start":{"line":36,"column":0},"end":{"line":36,"column":50}},"36":{"start":{"line":37,"column":0},"end":{"line":37,"column":8}},"37":{"start":{"line":38,"column":0},"end":{"line":38,"column":0}},"38":{"start":{"line":39,"column":0},"end":{"line":39,"column":38}},"39":{"start":{"line":40,"column":0},"end":{"line":40,"column":66}},"40":{"start":{"line":41,"column":0},"end":{"line":41,"column":0}},"41":{"start":{"line":42,"column":0},"end":{"line":42,"column":64}},"42":{"start":{"line":43,"column":0},"end":{"line":43,"column":1}}},"s":{"0":1,"1":1,"2":1,"3":88,"4":88,"5":88,"6":88,"7":88,"8":61,"9":61,"10":61,"11":61,"12":61,"13":61,"14":61,"15":61,"16":61,"17":6,"18":61,"19":55,"20":55,"21":61,"22":61,"23":61,"24":88,"25":88,"26":88,"27":4,"28":3,"29":3,"30":88,"31":88,"32":88,"33":2,"34":1,"35":1,"36":88,"37":88,"38":88,"39":88,"40":88,"41":88,"42":88},"branchMap":{"0":{"type":"branch","line":3,"loc":{"start":{"line":3,"column":7},"end":{"line":43,"column":1}},"locations":[{"start":{"line":3,"column":7},"end":{"line":43,"column":1}}]},"1":{"type":"branch","line":8,"loc":{"start":{"line":8,"column":27},"end":{"line":25,"column":5}},"locations":[{"start":{"line":8,"column":27},"end":{"line":25,"column":5}}]},"2":{"type":"branch","line":17,"loc":{"start":{"line":17,"column":32},"end":{"line":19,"column":11}},"locations":[{"start":{"line":17,"column":32},"end":{"line":19,"column":11}}]},"3":{"type":"branch","line":19,"loc":{"start":{"line":19,"column":4},"end":{"line":21,"column":5}},"locations":[{"start":{"line":19,"column":4},"end":{"line":21,"column":5}}]},"4":{"type":"branch","line":27,"loc":{"start":{"line":27,"column":27},"end":{"line":31,"column":5}},"locations":[{"start":{"line":27,"column":27},"end":{"line":31,"column":5}}]},"5":{"type":"branch","line":28,"loc":{"start":{"line":28,"column":31},"end":{"line":28,"column":37}},"locations":[{"start":{"line":28,"column":31},"end":{"line":28,"column":37}}]},"6":{"type":"branch","line":28,"loc":{"start":{"line":28,"column":31},"end":{"line":30,"column":50}},"locations":[{"start":{"line":28,"column":31},"end":{"line":30,"column":50}}]},"7":{"type":"branch","line":33,"loc":{"start":{"line":33,"column":27},"end":{"line":37,"column":5}},"locations":[{"start":{"line":33,"column":27},"end":{"line":37,"column":5}}]},"8":{"type":"branch","line":34,"loc":{"start":{"line":34,"column":59},"end":{"line":36,"column":50}},"locations":[{"start":{"line":34,"column":59},"end":{"line":36,"column":50}}]}},"b":{"0":[88],"1":[61],"2":[6],"3":[55],"4":[4],"5":[1],"6":[3],"7":[2],"8":[1]},"fnMap":{"0":{"name":"useHistory","decl":{"start":{"line":3,"column":7},"end":{"line":43,"column":1}},"loc":{"start":{"line":3,"column":7},"end":{"line":43,"column":1}},"line":3}},"f":{"0":88}}
,"D:\\project\\aicoding\\XReport\\src\\hooks\\useReportList.ts": {"path":"D:\\project\\aicoding\\XReport\\src\\hooks\\useReportList.ts","all":false,"statementMap":{"0":{"start":{"line":1,"column":0},"end":{"line":1,"column":56}},"1":{"start":{"line":2,"column":0},"end":{"line":2,"column":44}},"2":{"start":{"line":3,"column":0},"end":{"line":3,"column":0}},"3":{"start":{"line":4,"column":0},"end":{"line":4,"column":30}},"4":{"start":{"line":5,"column":0},"end":{"line":5,"column":12}},"5":{"start":{"line":6,"column":0},"end":{"line":6,"column":15}},"6":{"start":{"line":7,"column":0},"end":{"line":7,"column":19}},"7":{"start":{"line":8,"column":0},"end":{"line":8,"column":20}},"8":{"start":{"line":9,"column":0},"end":{"line":9,"column":1}},"9":{"start":{"line":10,"column":0},"end":{"line":10,"column":0}},"10":{"start":{"line":11,"column":0},"end":{"line":11,"column":37}},"11":{"start":{"line":12,"column":0},"end":{"line":12,"column":0}},"12":{"start":{"line":13,"column":0},"end":{"line":13,"column":39}},"13":{"start":{"line":14,"column":0},"end":{"line":14,"column":7}},"14":{"start":{"line":15,"column":0},"end":{"line":15,"column":49}},"15":{"start":{"line":16,"column":0},"end":{"line":16,"column":37}},"16":{"start":{"line":17,"column":0},"end":{"line":17,"column":11}},"17":{"start":{"line":18,"column":0},"end":{"line":18,"column":13}},"18":{"start":{"line":19,"column":0},"end":{"line":19,"column":3}},"19":{"start":{"line":20,"column":0},"end":{"line":20,"column":1}},"20":{"start":{"line":21,"column":0},"end":{"line":21,"column":0}},"21":{"start":{"line":22,"column":0},"end":{"line":22,"column":46}},"22":{"start":{"line":23,"column":0},"end":{"line":23,"column":60}},"23":{"start":{"line":24,"column":0},"end":{"line":24,"column":1}},"24":{"start":{"line":25,"column":0},"end":{"line":25,"column":0}},"25":{"start":{"line":26,"column":0},"end":{"line":26,"column":33}},"26":{"start":{"line":27,"column":0},"end":{"line":27,"column":76}},"27":{"start":{"line":28,"column":0},"end":{"line":28,"column":0}},"28":{"start":{"line":29,"column":0},"end":{"line":29,"column":19}},"29":{"start":{"line":30,"column":0},"end":{"line":30,"column":24}},"30":{"start":{"line":31,"column":0},"end":{"line":31,"column":15}},"31":{"start":{"line":32,"column":0},"end":{"line":32,"column":0}},"32":{"start":{"line":33,"column":0},"end":{"line":33,"column":85}},"33":{"start":{"line":34,"column":0},"end":{"line":34,"column":24}},"34":{"start":{"line":35,"column":0},"end":{"line":35,"column":55}},"35":{"start":{"line":36,"column":0},"end":{"line":36,"column":26}},"36":{"start":{"line":37,"column":0},"end":{"line":37,"column":33}},"37":{"start":{"line":38,"column":0},"end":{"line":38,"column":88}},"38":{"start":{"line":39,"column":0},"end":{"line":39,"column":22}},"39":{"start":{"line":40,"column":0},"end":{"line":40,"column":14}},"40":{"start":{"line":41,"column":0},"end":{"line":41,"column":68}},"41":{"start":{"line":42,"column":0},"end":{"line":42,"column":7}},"42":{"start":{"line":43,"column":0},"end":{"line":43,"column":6}},"43":{"start":{"line":44,"column":0},"end":{"line":44,"column":8}},"44":{"start":{"line":45,"column":0},"end":{"line":45,"column":0}},"45":{"start":{"line":46,"column":0},"end":{"line":46,"column":52}},"46":{"start":{"line":47,"column":0},"end":{"line":47,"column":53}},"47":{"start":{"line":48,"column":0},"end":{"line":48,"column":8}},"48":{"start":{"line":49,"column":0},"end":{"line":49,"column":0}},"49":{"start":{"line":50,"column":0},"end":{"line":50,"column":70}},"50":{"start":{"line":51,"column":0},"end":{"line":51,"column":33}},"51":{"start":{"line":52,"column":0},"end":{"line":52,"column":75}},"52":{"start":{"line":53,"column":0},"end":{"line":53,"column":12}},"53":{"start":{"line":54,"column":0},"end":{"line":54,"column":28}},"54":{"start":{"line":55,"column":0},"end":{"line":55,"column":13}},"55":{"start":{"line":56,"column":0},"end":{"line":56,"column":20}},"56":{"start":{"line":57,"column":0},"end":{"line":57,"column":53}},"57":{"start":{"line":58,"column":0},"end":{"line":58,"column":8}},"58":{"start":{"line":59,"column":0},"end":{"line":59,"column":5}},"59":{"start":{"line":60,"column":0},"end":{"line":60,"column":41}},"60":{"start":{"line":61,"column":0},"end":{"line":61,"column":17}},"61":{"start":{"line":62,"column":0},"end":{"line":62,"column":8}},"62":{"start":{"line":63,"column":0},"end":{"line":63,"column":0}},"63":{"start":{"line":64,"column":0},"end":{"line":64,"column":60}},"64":{"start":{"line":65,"column":0},"end":{"line":65,"column":1}}},"s":{"0":1,"1":1,"2":1,"3":1,"4":1,"5":1,"6":1,"7":1,"8":1,"9":1,"10":1,"11":1,"12":8,"13":8,"14":8,"15":8,"16":8,"17":0,"18":0,"19":8,"20":1,"21":17,"22":17,"23":17,"24":1,"25":1,"26":17,"27":17,"28":17,"29":17,"30":17,"31":17,"32":17,"33":2,"34":2,"35":2,"36":2,"37":2,"38":2,"39":2,"40":0,"41":0,"42":2,"43":17,"44":17,"45":17,"46":1,"47":17,"48":17,"49":17,"50":6,"51":6,"52":6,"53":6,"54":6,"55":6,"56":6,"57":6,"58":6,"59":6,"60":6,"61":17,"62":17,"63":17,"64":17},"branchMap":{"0":{"type":"branch","line":13,"loc":{"start":{"line":13,"column":0},"end":{"line":20,"column":1}},"locations":[{"start":{"line":13,"column":0},"end":{"line":20,"column":1}}]},"1":{"type":"branch","line":16,"loc":{"start":{"line":16,"column":11},"end":{"line":16,"column":35}},"locations":[{"start":{"line":16,"column":11},"end":{"line":16,"column":35}}]},"2":{"type":"branch","line":16,"loc":{"start":{"line":16,"column":31},"end":{"line":16,"column":37}},"locations":[{"start":{"line":16,"column":31},"end":{"line":16,"column":37}}]},"3":{"type":"branch","line":17,"loc":{"start":{"line":17,"column":2},"end":{"line":19,"column":3}},"locations":[{"start":{"line":17,"column":2},"end":{"line":19,"column":3}}]},"4":{"type":"branch","line":22,"loc":{"start":{"line":22,"column":0},"end":{"line":24,"column":1}},"locations":[{"start":{"line":22,"column":0},"end":{"line":24,"column":1}}]},"5":{"type":"branch","line":26,"loc":{"start":{"line":26,"column":7},"end":{"line":65,"column":1}},"locations":[{"start":{"line":26,"column":7},"end":{"line":65,"column":1}}]},"6":{"type":"branch","line":27,"loc":{"start":{"line":27,"column":56},"end":{"line":27,"column":75}},"locations":[{"start":{"line":27,"column":56},"end":{"line":27,"column":75}}]},"7":{"type":"branch","line":29,"loc":{"start":{"line":29,"column":12},"end":{"line":31,"column":5}},"locations":[{"start":{"line":29,"column":12},"end":{"line":31,"column":5}}]},"8":{"type":"branch","line":33,"loc":{"start":{"line":33,"column":33},"end":{"line":44,"column":5}},"locations":[{"start":{"line":33,"column":33},"end":{"line":44,"column":5}}]},"9":{"type":"branch","line":34,"loc":{"start":{"line":34,"column":15},"end":{"line":43,"column":5}},"locations":[{"start":{"line":34,"column":15},"end":{"line":43,"column":5}}]},"10":{"type":"branch","line":40,"loc":{"start":{"line":40,"column":6},"end":{"line":42,"column":7}},"locations":[{"start":{"line":40,"column":6},"end":{"line":42,"column":7}}]},"11":{"type":"branch","line":35,"loc":{"start":{"line":35,"column":38},"end":{"line":35,"column":54}},"locations":[{"start":{"line":35,"column":38},"end":{"line":35,"column":54}}]},"12":{"type":"branch","line":46,"loc":{"start":{"line":46,"column":35},"end":{"line":48,"column":5}},"locations":[{"start":{"line":46,"column":35},"end":{"line":48,"column":5}}]},"13":{"type":"branch","line":47,"loc":{"start":{"line":47,"column":15},"end":{"line":47,"column":52}},"locations":[{"start":{"line":47,"column":15},"end":{"line":47,"column":52}}]},"14":{"type":"branch","line":47,"loc":{"start":{"line":47,"column":35},"end":{"line":47,"column":51}},"locations":[{"start":{"line":47,"column":35},"end":{"line":47,"column":51}}]},"15":{"type":"branch","line":50,"loc":{"start":{"line":50,"column":35},"end":{"line":62,"column":5}},"locations":[{"start":{"line":50,"column":35},"end":{"line":62,"column":5}}]},"16":{"type":"branch","line":60,"loc":{"start":{"line":60,"column":15},"end":{"line":60,"column":40}},"locations":[{"start":{"line":60,"column":15},"end":{"line":60,"column":40}}]}},"b":{"0":[8],"1":[1],"2":[7],"3":[0],"4":[17],"5":[17],"6":[8],"7":[17],"8":[2],"9":[2],"10":[0],"11":[2],"12":[1],"13":[1],"14":[1],"15":[6],"16":[6]},"fnMap":{"0":{"name":"loadReports","decl":{"start":{"line":13,"column":0},"end":{"line":20,"column":1}},"loc":{"start":{"line":13,"column":0},"end":{"line":20,"column":1}},"line":13},"1":{"name":"saveReports","decl":{"start":{"line":22,"column":0},"end":{"line":24,"column":1}},"loc":{"start":{"line":22,"column":0},"end":{"line":24,"column":1}},"line":22},"2":{"name":"useReportList","decl":{"start":{"line":26,"column":7},"end":{"line":65,"column":1}},"loc":{"start":{"line":26,"column":7},"end":{"line":65,"column":1}},"line":26}},"f":{"0":8,"1":17,"2":17}}
}
